#
# A fatal error has been detected by the Java Runtime Environment:
#
#  EXCEPTION_ACCESS_VIOLATION (0xc0000005) at pc=0xffffffffa5a05120, pid=7852, tid=7484
#
# JRE version: Java(TM) SE Runtime Environment (8.0_60-b27) (build 1.8.0_60-b27)
# Java VM: Java HotSpot(TM) 64-Bit Server VM (25.60-b23 mixed mode windows-amd64 compressed oops)
# Problematic frame:
# C  0xffffffffa5a05120
#
# Failed to write core dump. Minidumps are not enabled by default on client versions of Windows
#
# If you would like to submit a bug report, please visit:
#   http://bugreport.java.com/bugreport/crash.jsp
#

---------------  T H R E A D  ---------------

Current thread (0x00000000166df800):  JavaThread "Daemon worker Thread 9" [_thread_in_Java, id=7484, stack(0x00000000285c0000,0x00000000286c0000)]

siginfo: ExceptionCode=0xc0000005, ExceptionInformation=0x0000000000000008 0xffffffffa5a05120

Registers:
RAX=0x000000010077a798, RBX=0x000000001e58be38, RCX=0x00000000f6d0eb70, RDX=0x00000000f6eaed38
RSP=0x00000000286bbd28, RBP=0x00000000000000f0, RSI=0x000000001e58be38, RDI=0x0000000000000fb8
R8 =0x00000000f400e4d0, R9 =0x00000000f4011460, R10=0x0000000100790bd8, R11=0x0000000000000708
R12=0x0000000000000000, R13=0x00000000f4015270, R14=0x000000000000006a, R15=0x00000000166df800
RIP=0xffffffffa5a05120, EFLAGS=0x0000000000010246

Top of Stack: (sp=0x00000000286bbd28)
0x00000000286bbd28:   0000000003a6f084 000000001e71bf70
0x00000000286bbd38:   00000000f4da4ab8 00000000000000f0
0x00000000286bbd48:   00000000036b73a8 00000000f400e4d0
0x00000000286bbd58:   00000000f4da4ab8 00000000f6eaed38
0x00000000286bbd68:   00000000036b7340 0000000000000000
0x00000000286bbd78:   0000000000000202 00000000286bbe98
0x00000000286bbd88:   0000000005700b1c ffffffffffffffff
0x00000000286bbd98:   000000001e719cf8 00000000286bbde0
0x00000000286bbda8:   00000000286bbdd0 000000001e5871e8
0x00000000286bbdb8:   00000000f38d6ff0 00000000286bbe98
0x00000000286bbdc8:   00000000036d6144 00000000f6eaed38
0x00000000286bbdd8:   0000000000000202 00000000286bbe98
0x00000000286bbde8:   00000000056fbe74 000000001e719c19
0x00000000286bbdf8:   00000000286bbe40 000000001e719df8
0x00000000286bbe08:   0000000000000000 00000000f6eaed28
0x00000000286bbe18:   00000000f6eaed48 00000000286bbe38 

Instructions: (pc=0xffffffffa5a05120)
0xffffffffa5a05100:   
[error occurred during error reporting (printing registers, top of stack, instructions near pc), id 0xc0000005]

Register to memory mapping:

RAX=0x000000010077a798 is pointing into metadata
RBX={method} {0x000000001e58be40} 'visitClassConstant' '(Lproguard/classfile/Clazz;Lproguard/classfile/constant/ClassConstant;)V' in 'proguard/classfile/util/SimplifiedVisitor'
RCX=0x00000000f6d0eb70 is an oop
[C 
 - klass: {type array char}
 - length: 9
RDX=0x00000000f6eaed38 is an oop
proguard.GetEnclosingClassChecker 
 - klass: 'proguard/GetEnclosingClassChecker'
RSP=0x00000000286bbd28 is pointing into the stack for thread: 0x00000000166df800
RBP=0x00000000000000f0 is an unknown value
RSI={method} {0x000000001e58be40} 'visitClassConstant' '(Lproguard/classfile/Clazz;Lproguard/classfile/constant/ClassConstant;)V' in 'proguard/classfile/util/SimplifiedVisitor'
RDI=0x0000000000000fb8 is an unknown value
R8 =0x00000000f400e4d0 is an oop
proguard.classfile.ProgramClass 
 - klass: 'proguard/classfile/ProgramClass'
R9 =0x00000000f4011460 is an oop
proguard.classfile.constant.ClassConstant 
 - klass: 'proguard/classfile/constant/ClassConstant'
R10=0x0000000100790bd8 is pointing into metadata
R11=0x0000000000000708 is an unknown value
R12=0x0000000000000000 is an unknown value
R13=0x00000000f4015270 is an oop
proguard.classfile.constant.Utf8Constant 
 - klass: 'proguard/classfile/constant/Utf8Constant'
R14=0x000000000000006a is an unknown value
R15=0x00000000166df800 is a thread


Stack: [0x00000000285c0000,0x00000000286c0000],  sp=0x00000000286bbd28,  free space=1007k
Native frames: (J=compiled Java code, j=interpreted, Vv=VM code, C=native code)
C  0xffffffffa5a05120


---------------  P R O C E S S  ---------------

Java Threads: ( => current thread )
  0x00000000166e1800 JavaThread "Stdin handler" [_thread_blocked, id=11100, stack(0x0000000028fc0000,0x00000000290c0000)]
  0x00000000166e0800 JavaThread "Cancel handler" [_thread_blocked, id=11076, stack(0x0000000028ec0000,0x0000000028fc0000)]
  0x00000000166de000 JavaThread "Handler for socket connection from /127.0.0.1:64895 to /127.0.0.1:54697" [_thread_in_native, id=6156, stack(0x0000000028dc0000,0x0000000028ec0000)]
=>0x00000000166df800 JavaThread "Daemon worker Thread 9" [_thread_in_Java, id=7484, stack(0x00000000285c0000,0x00000000286c0000)]
  0x00000000166e3000 JavaThread "Daemon Thread 9" [_thread_blocked, id=7988, stack(0x00000000282c0000,0x00000000283c0000)]
  0x00000000166df000 JavaThread "pool-2-thread-1" [_thread_blocked, id=224, stack(0x000000001edc0000,0x000000001eec0000)]
  0x000000001aac0800 JavaThread "File lock request listener" [_thread_in_native, id=8336, stack(0x000000001a680000,0x000000001a780000)]
  0x00000000171d5000 JavaThread "Incoming local TCP Connector on port 64895" [_thread_in_native, id=10696, stack(0x0000000016eb0000,0x0000000016fb0000)]
  0x0000000014eeb800 JavaThread "Service Thread" daemon [_thread_blocked, id=5716, stack(0x00000000160b0000,0x00000000161b0000)]
  0x0000000014ee5000 JavaThread "C1 CompilerThread1" daemon [_thread_blocked, id=7564, stack(0x0000000015fb0000,0x00000000160b0000)]
  0x0000000014e8b000 JavaThread "C2 CompilerThread0" daemon [_thread_blocked, id=9880, stack(0x0000000015eb0000,0x0000000015fb0000)]
  0x0000000014e89800 JavaThread "Attach Listener" daemon [_thread_blocked, id=10760, stack(0x0000000015db0000,0x0000000015eb0000)]
  0x0000000014e86000 JavaThread "Signal Dispatcher" daemon [_thread_blocked, id=2248, stack(0x0000000015cb0000,0x0000000015db0000)]
  0x00000000029ee000 JavaThread "Finalizer" daemon [_thread_blocked, id=5980, stack(0x0000000015ad0000,0x0000000015bd0000)]
  0x00000000029ea800 JavaThread "Reference Handler" daemon [_thread_blocked, id=8716, stack(0x00000000159d0000,0x0000000015ad0000)]
  0x00000000027fe000 JavaThread "main" [_thread_blocked, id=944, stack(0x0000000002800000,0x0000000002900000)]

Other Threads:
  0x0000000014e56000 VMThread [stack: 0x00000000158d0000,0x00000000159d0000] [id=11432]
  0x0000000014eef800 WatcherThread [stack: 0x00000000161b0000,0x00000000162b0000] [id=7152]

VM state:not at safepoint (normal execution)

VM Mutex/Monitor currently owned by a thread: None

Heap:
 PSYoungGen      total 301056K, used 218773K [0x00000000eab00000, 0x00000000ff000000, 0x0000000100000000)
  eden space 276480K, 73% used [0x00000000eab00000,0x00000000f723de70,0x00000000fb900000)
  from space 24576K, 60% used [0x00000000fd080000,0x00000000fdee7678,0x00000000fe880000)
  to   space 24064K, 0% used [0x00000000fb900000,0x00000000fb900000,0x00000000fd080000)
 ParOldGen       total 172032K, used 43644K [0x00000000c0000000, 0x00000000ca800000, 0x00000000eab00000)
  object space 172032K, 25% used [0x00000000c0000000,0x00000000c2a9f140,0x00000000ca800000)
 Metaspace       used 62989K, capacity 65852K, committed 66344K, reserved 1107968K
  class space    used 8116K, capacity 8560K, committed 8744K, reserved 1048576K

Card table byte_map: [0x0000000011dc0000,0x0000000011fd0000] byte_map_base: 0x00000000117c0000

Marking Bits: (ParMarkBitMap*) 0x0000000065f4a5b0
 Begin Bits: [0x0000000012330000, 0x0000000013330000)
 End Bits:   [0x0000000013330000, 0x0000000014330000)

Polling page: 0x0000000000e50000

CodeCache: size=245760Kb used=45787Kb max_used=45799Kb free=199972Kb
 bounds [0x0000000002a00000, 0x0000000005710000, 0x0000000011a00000]
 total_blobs=13463 nmethods=12731 adapters=644
 compilation: enabled

Compilation events (10 events):
Event: 3565.387 Thread 0x0000000014e8b000 16482       4       proguard.classfile.constant.InterfaceMethodrefConstant::accept (9 bytes)
Event: 3565.387 Thread 0x0000000014e8b000 nmethod 16482 0x0000000003e8ac50 code [0x0000000003e8ad80, 0x0000000003e8adf8]
Event: 3565.387 Thread 0x0000000014e8b000 16483       4       proguard.classfile.util.SimplifiedVisitor::visitAnyRefConstant (7 bytes)
Event: 3565.387 Thread 0x0000000014ee5000 16485       3       proguard.GetEnclosingClassChecker::visitMethodrefConstant (113 bytes)
Event: 3565.388 Thread 0x0000000014e8b000 nmethod 16483 0x00000000037ebb50 code [0x00000000037ebca0, 0x00000000037ebd38]
Event: 3565.388 Thread 0x0000000014e8b000 16487       4       proguard.classfile.util.SimplifiedVisitor::visitClassConstant (7 bytes)
Event: 3565.388 Thread 0x0000000014ee5000 nmethod 16485 0x0000000005700d10 code [0x0000000005701080, 0x0000000005702e48]
Event: 3565.388 Thread 0x0000000014ee5000 16486       3       proguard.classfile.constant.visitor.AllConstantVisitor::visitProgramClass (9 bytes)
Event: 3565.389 Thread 0x0000000014ee5000 nmethod 16486 0x0000000005700910 code [0x0000000005700a80, 0x0000000005700c28]
Event: 3565.389 Thread 0x0000000014e8b000 nmethod 16487 0x00000000039b9390 code [0x00000000039b94e0, 0x00000000039b9578]

GC Heap History (10 events):
Event: 2610.428 GC heap before
{Heap before GC invocations=38 (full 9):
 PSYoungGen      total 294400K, used 8082K [0x00000000eab00000, 0x00000000ff180000, 0x0000000100000000)
  eden space 286208K, 0% used [0x00000000eab00000,0x00000000eab00000,0x00000000fc280000)
  from space 8192K, 98% used [0x00000000fc580000,0x00000000fcd64ba0,0x00000000fcd80000)
  to   space 24064K, 0% used [0x00000000fda00000,0x00000000fda00000,0x00000000ff180000)
 ParOldGen       total 172032K, used 41470K [0x00000000c0000000, 0x00000000ca800000, 0x00000000eab00000)
  object space 172032K, 24% used [0x00000000c0000000,0x00000000c287fbc0,0x00000000ca800000)
 Metaspace       used 62375K, capacity 65204K, committed 65704K, reserved 1105920K
  class space    used 8102K, capacity 8524K, committed 8616K, reserved 1048576K
Event: 2610.747 GC heap after
Heap after GC invocations=38 (full 9):
 PSYoungGen      total 294400K, used 0K [0x00000000eab00000, 0x00000000ff180000, 0x0000000100000000)
  eden space 286208K, 0% used [0x00000000eab00000,0x00000000eab00000,0x00000000fc280000)
  from space 8192K, 0% used [0x00000000fc580000,0x00000000fc580000,0x00000000fcd80000)
  to   space 24064K, 0% used [0x00000000fda00000,0x00000000fda00000,0x00000000ff180000)
 ParOldGen       total 172032K, used 35298K [0x00000000c0000000, 0x00000000ca800000, 0x00000000eab00000)
  object space 172032K, 20% used [0x00000000c0000000,0x00000000c22788f0,0x00000000ca800000)
 Metaspace       used 61982K, capacity 64496K, committed 65704K, reserved 1105920K
  class space    used 8032K, capacity 8406K, committed 8616K, reserved 1048576K
}
Event: 3521.834 GC heap before
{Heap before GC invocations=39 (full 9):
 PSYoungGen      total 294400K, used 286208K [0x00000000eab00000, 0x00000000ff180000, 0x0000000100000000)
  eden space 286208K, 100% used [0x00000000eab00000,0x00000000fc280000,0x00000000fc280000)
  from space 8192K, 0% used [0x00000000fc580000,0x00000000fc580000,0x00000000fcd80000)
  to   space 24064K, 0% used [0x00000000fda00000,0x00000000fda00000,0x00000000ff180000)
 ParOldGen       total 172032K, used 35298K [0x00000000c0000000, 0x00000000ca800000, 0x00000000eab00000)
  object space 172032K, 20% used [0x00000000c0000000,0x00000000c22788f0,0x00000000ca800000)
 Metaspace       used 62333K, capacity 65056K, committed 65704K, reserved 1105920K
  class space    used 8082K, capacity 8482K, committed 8616K, reserved 1048576K
Event: 3521.878 GC heap after
Heap after GC invocations=39 (full 9):
 PSYoungGen      total 293376K, used 17322K [0x00000000eab00000, 0x00000000feb00000, 0x0000000100000000)
  eden space 275968K, 0% used [0x00000000eab00000,0x00000000eab00000,0x00000000fb880000)
  from space 17408K, 99% used [0x00000000fda00000,0x00000000feaea938,0x00000000feb00000)
  to   space 24576K, 0% used [0x00000000fbb00000,0x00000000fbb00000,0x00000000fd300000)
 ParOldGen       total 172032K, used 35306K [0x00000000c0000000, 0x00000000ca800000, 0x00000000eab00000)
  object space 172032K, 20% used [0x00000000c0000000,0x00000000c227a8f0,0x00000000ca800000)
 Metaspace       used 62333K, capacity 65056K, committed 65704K, reserved 1105920K
  class space    used 8082K, capacity 8482K, committed 8616K, reserved 1048576K
}
Event: 3524.990 GC heap before
{Heap before GC invocations=40 (full 9):
 PSYoungGen      total 293376K, used 119445K [0x00000000eab00000, 0x00000000feb00000, 0x0000000100000000)
  eden space 275968K, 37% used [0x00000000eab00000,0x00000000f0ebadc8,0x00000000fb880000)
  from space 17408K, 99% used [0x00000000fda00000,0x00000000feaea938,0x00000000feb00000)
  to   space 24576K, 0% used [0x00000000fbb00000,0x00000000fbb00000,0x00000000fd300000)
 ParOldGen       total 172032K, used 35306K [0x00000000c0000000, 0x00000000ca800000, 0x00000000eab00000)
  object space 172032K, 20% used [0x00000000c0000000,0x00000000c227a8f0,0x00000000ca800000)
 Metaspace       used 62427K, capacity 65100K, committed 65704K, reserved 1105920K
  class space    used 8088K, capacity 8516K, committed 8616K, reserved 1048576K
Event: 3525.017 GC heap after
Heap after GC invocations=40 (full 9):
 PSYoungGen      total 292864K, used 16659K [0x00000000eab00000, 0x00000000fe880000, 0x0000000100000000)
  eden space 275968K, 0% used [0x00000000eab00000,0x00000000eab00000,0x00000000fb880000)
  from space 16896K, 98% used [0x00000000fbb00000,0x00000000fcb44c78,0x00000000fcb80000)
  to   space 24576K, 0% used [0x00000000fd080000,0x00000000fd080000,0x00000000fe880000)
 ParOldGen       total 172032K, used 35314K [0x00000000c0000000, 0x00000000ca800000, 0x00000000eab00000)
  object space 172032K, 20% used [0x00000000c0000000,0x00000000c227c8f0,0x00000000ca800000)
 Metaspace       used 62427K, capacity 65100K, committed 65704K, reserved 1105920K
  class space    used 8088K, capacity 8516K, committed 8616K, reserved 1048576K
}
Event: 3525.017 GC heap before
{Heap before GC invocations=41 (full 10):
 PSYoungGen      total 292864K, used 16659K [0x00000000eab00000, 0x00000000fe880000, 0x0000000100000000)
  eden space 275968K, 0% used [0x00000000eab00000,0x00000000eab00000,0x00000000fb880000)
  from space 16896K, 98% used [0x00000000fbb00000,0x00000000fcb44c78,0x00000000fcb80000)
  to   space 24576K, 0% used [0x00000000fd080000,0x00000000fd080000,0x00000000fe880000)
 ParOldGen       total 172032K, used 35314K [0x00000000c0000000, 0x00000000ca800000, 0x00000000eab00000)
  object space 172032K, 20% used [0x00000000c0000000,0x00000000c227c8f0,0x00000000ca800000)
 Metaspace       used 62427K, capacity 65100K, committed 65704K, reserved 1105920K
  class space    used 8088K, capacity 8516K, committed 8616K, reserved 1048576K
Event: 3525.402 GC heap after
Heap after GC invocations=41 (full 10):
 PSYoungGen      total 292864K, used 0K [0x00000000eab00000, 0x00000000fe880000, 0x0000000100000000)
  eden space 275968K, 0% used [0x00000000eab00000,0x00000000eab00000,0x00000000fb880000)
  from space 16896K, 0% used [0x00000000fbb00000,0x00000000fbb00000,0x00000000fcb80000)
  to   space 24576K, 0% used [0x00000000fd080000,0x00000000fd080000,0x00000000fe880000)
 ParOldGen       total 172032K, used 43636K [0x00000000c0000000, 0x00000000ca800000, 0x00000000eab00000)
  object space 172032K, 25% used [0x00000000c0000000,0x00000000c2a9d140,0x00000000ca800000)
 Metaspace       used 62401K, capacity 65012K, committed 65704K, reserved 1105920K
  class space    used 8080K, capacity 8508K, committed 8616K, reserved 1048576K
}
Event: 3560.442 GC heap before
{Heap before GC invocations=42 (full 10):
 PSYoungGen      total 292864K, used 275968K [0x00000000eab00000, 0x00000000fe880000, 0x0000000100000000)
  eden space 275968K, 100% used [0x00000000eab00000,0x00000000fb880000,0x00000000fb880000)
  from space 16896K, 0% used [0x00000000fbb00000,0x00000000fbb00000,0x00000000fcb80000)
  to   space 24576K, 0% used [0x00000000fd080000,0x00000000fd080000,0x00000000fe880000)
 ParOldGen       total 172032K, used 43636K [0x00000000c0000000, 0x00000000ca800000, 0x00000000eab00000)
  object space 172032K, 25% used [0x00000000c0000000,0x00000000c2a9d140,0x00000000ca800000)
 Metaspace       used 62617K, capacity 65432K, committed 66088K, reserved 1105920K
  class space    used 8113K, capacity 8554K, committed 8744K, reserved 1048576K
Event: 3560.471 GC heap after
Heap after GC invocations=42 (full 10):
 PSYoungGen      total 301056K, used 14749K [0x00000000eab00000, 0x00000000ff000000, 0x0000000100000000)
  eden space 276480K, 0% used [0x00000000eab00000,0x00000000eab00000,0x00000000fb900000)
  from space 24576K, 60% used [0x00000000fd080000,0x00000000fdee7678,0x00000000fe880000)
  to   space 24064K, 0% used [0x00000000fb900000,0x00000000fb900000,0x00000000fd080000)
 ParOldGen       total 172032K, used 43644K [0x00000000c0000000, 0x00000000ca800000, 0x00000000eab00000)
  object space 172032K, 25% used [0x00000000c0000000,0x00000000c2a9f140,0x00000000ca800000)
 Metaspace       used 62617K, capacity 65432K, committed 66088K, reserved 1105920K
  class space    used 8113K, capacity 8554K, committed 8744K, reserved 1048576K
}

Deoptimization events (10 events):
Event: 3561.023 Thread 0x00000000166df800 Uncommon trap: reason=class_check action=maybe_recompile pc=0x00000000053a12fc method=com.sun.org.apache.xerces.internal.dom.NamedNodeMapImpl.getNamedItemNS(Ljava/lang/String;Ljava/lang/String;)Lorg/w3c/dom/Node; @ 28
Event: 3561.030 Thread 0x00000000166df800 Uncommon trap: reason=class_check action=maybe_recompile pc=0x00000000053a12fc method=com.sun.org.apache.xerces.internal.dom.NamedNodeMapImpl.getNamedItemNS(Ljava/lang/String;Ljava/lang/String;)Lorg/w3c/dom/Node; @ 28
Event: 3562.082 Thread 0x00000000166df800 Uncommon trap: reason=unstable_if action=reinterpret pc=0x0000000002ed6480 method=com.google.common.io.LineBuffer.add([CII)V @ 111
Event: 3562.663 Thread 0x00000000166df800 Uncommon trap: reason=unstable_if action=reinterpret pc=0x0000000004288d38 method=com.sun.tools.javac.code.Lint$AugmentVisitor.initSyms()V @ 4
Event: 3562.960 Thread 0x00000000166df800 Uncommon trap: reason=bimorphic action=maybe_recompile pc=0x0000000004180a0c method=com.sun.tools.javac.code.Types$SameTypeVisitor.visitClassType(Lcom/sun/tools/javac/code/Type$ClassType;Lcom/sun/tools/javac/code/Type;)Ljava/lang/Boolean; @ 95
Event: 3562.960 Thread 0x00000000166df800 Uncommon trap: reason=bimorphic action=maybe_recompile pc=0x0000000004180a0c method=com.sun.tools.javac.code.Types$SameTypeVisitor.visitClassType(Lcom/sun/tools/javac/code/Type$ClassType;Lcom/sun/tools/javac/code/Type;)Ljava/lang/Boolean; @ 95
Event: 3565.385 Thread 0x00000000166df800 Uncommon trap: reason=class_check action=maybe_recompile pc=0x0000000003dc1b5c method=proguard.classfile.util.SimplifiedVisitor.visitClassConstant(Lproguard/classfile/Clazz;Lproguard/classfile/constant/ClassConstant;)V @ 3
Event: 3565.385 Thread 0x00000000166df800 Uncommon trap: reason=class_check action=maybe_recompile pc=0x0000000003dc1b5c method=proguard.classfile.util.SimplifiedVisitor.visitClassConstant(Lproguard/classfile/Clazz;Lproguard/classfile/constant/ClassConstant;)V @ 3
Event: 3565.385 Thread 0x00000000166df800 Uncommon trap: reason=class_check action=maybe_recompile pc=0x0000000003dc1b5c method=proguard.classfile.util.SimplifiedVisitor.visitClassConstant(Lproguard/classfile/Clazz;Lproguard/classfile/constant/ClassConstant;)V @ 3
Event: 3565.385 Thread 0x00000000166df800 Uncommon trap: reason=class_check action=maybe_recompile pc=0x0000000003dc1b5c method=proguard.classfile.util.SimplifiedVisitor.visitClassConstant(Lproguard/classfile/Clazz;Lproguard/classfile/constant/ClassConstant;)V @ 3

Internal exceptions (10 events):
Event: 3525.417 Thread 0x00000000166e3000 Exception <a 'java/lang/NoSuchMethodError': <clinit>> (0x00000000eab59a48) thrown at [C:\re\workspace\8-2-build-windows-amd64-cygwin\jdk8u60\4407\hotspot\src\share\vm\prims\jni.cpp, line 1591]
Event: 3525.420 Thread 0x00000000166e3000 Exception <a 'java/lang/NoSuchMethodError': <clinit>> (0x00000000eab7c0f0) thrown at [C:\re\workspace\8-2-build-windows-amd64-cygwin\jdk8u60\4407\hotspot\src\share\vm\prims\jni.cpp, line 1591]
Event: 3525.420 Thread 0x00000000166e3000 Exception <a 'java/lang/NoSuchMethodError': <clinit>> (0x00000000eab81c10) thrown at [C:\re\workspace\8-2-build-windows-amd64-cygwin\jdk8u60\4407\hotspot\src\share\vm\prims\jni.cpp, line 1591]
Event: 3525.421 Thread 0x00000000166e3000 Exception <a 'java/lang/NoSuchMethodError': <clinit>> (0x00000000eaba7550) thrown at [C:\re\workspace\8-2-build-windows-amd64-cygwin\jdk8u60\4407\hotspot\src\share\vm\prims\jni.cpp, line 1591]
Event: 3525.424 Thread 0x00000000166e3000 Exception <a 'java/lang/NoSuchMethodError': <clinit>> (0x00000000eabe1538) thrown at [C:\re\workspace\8-2-build-windows-amd64-cygwin\jdk8u60\4407\hotspot\src\share\vm\prims\jni.cpp, line 1591]
Event: 3525.424 Thread 0x00000000166e3000 Exception <a 'java/lang/NoSuchMethodError': <clinit>> (0x00000000eabe4c08) thrown at [C:\re\workspace\8-2-build-windows-amd64-cygwin\jdk8u60\4407\hotspot\src\share\vm\prims\jni.cpp, line 1591]
Event: 3525.425 Thread 0x00000000166e3000 Exception <a 'java/lang/NoSuchMethodError': <clinit>> (0x00000000eac00b60) thrown at [C:\re\workspace\8-2-build-windows-amd64-cygwin\jdk8u60\4407\hotspot\src\share\vm\prims\jni.cpp, line 1591]
Event: 3525.429 Thread 0x00000000166e3000 Exception <a 'java/lang/NoSuchMethodError': <clinit>> (0x00000000eac16748) thrown at [C:\re\workspace\8-2-build-windows-amd64-cygwin\jdk8u60\4407\hotspot\src\share\vm\prims\jni.cpp, line 1591]
Event: 3557.338 Thread 0x00000000166df800 Exception <a 'java/lang/ClassNotFoundException': asLocalRepo81_94y86pwpimti81ze8gjwvcrfsBeanInfo> (0x00000000ebb4d248) thrown at [C:\re\workspace\8-2-build-windows-amd64-cygwin\jdk8u60\4407\hotspot\src\share\vm\classfile\systemDictionary.cpp, line 210]
Event: 3557.338 Thread 0x00000000166df800 Exception <a 'java/lang/ClassNotFoundException': asLocalRepo81_94y86pwpimti81ze8gjwvcrfsCustomizer> (0x00000000ebb56758) thrown at [C:\re\workspace\8-2-build-windows-amd64-cygwin\jdk8u60\4407\hotspot\src\share\vm\classfile\systemDictionary.cpp, line 210]

Events (10 events):
Event: 3565.385 Thread 0x00000000166df800 DEOPT UNPACKING pc=0x0000000002a4556a sp=0x00000000286bbc80 mode 2
Event: 3565.385 Thread 0x00000000166df800 Uncommon trap: trap_request=0xffffffde fr.pc=0x0000000003dc1b5c
Event: 3565.385 Thread 0x00000000166df800 DEOPT PACKING pc=0x0000000003dc1b5c sp=0x00000000286bbd00
Event: 3565.385 Thread 0x00000000166df800 DEOPT UNPACKING pc=0x0000000002a4556a sp=0x00000000286bbc80 mode 2
Event: 3565.385 Thread 0x00000000166df800 Uncommon trap: trap_request=0xffffffde fr.pc=0x0000000003dc1b5c
Event: 3565.385 Thread 0x00000000166df800 DEOPT PACKING pc=0x0000000003dc1b5c sp=0x00000000286bbd00
Event: 3565.385 Thread 0x00000000166df800 DEOPT UNPACKING pc=0x0000000002a4556a sp=0x00000000286bbc80 mode 2
Event: 3565.385 Thread 0x00000000166df800 Uncommon trap: trap_request=0xffffffde fr.pc=0x0000000003dc1b5c
Event: 3565.385 Thread 0x00000000166df800 DEOPT PACKING pc=0x0000000003dc1b5c sp=0x00000000286bbd00
Event: 3565.385 Thread 0x00000000166df800 DEOPT UNPACKING pc=0x0000000002a4556a sp=0x00000000286bbc80 mode 2


Dynamic libraries:
0x00007ff6f5270000 - 0x00007ff6f52a7000 	C:\Program Files\Java\jdk1.8.0_60\bin\java.exe
0x00007ffc43ad0000 - 0x00007ffc43c91000 	C:\WINDOWS\SYSTEM32\ntdll.dll
0x00007ffc435b0000 - 0x00007ffc4365d000 	C:\WINDOWS\system32\KERNEL32.DLL
0x00007ffc40240000 - 0x00007ffc40428000 	C:\WINDOWS\system32\KERNELBASE.dll
0x00007ffc43a20000 - 0x00007ffc43ac7000 	C:\WINDOWS\system32\ADVAPI32.dll
0x00007ffc432d0000 - 0x00007ffc4336d000 	C:\WINDOWS\system32\msvcrt.dll
0x00007ffc42c70000 - 0x00007ffc42ccb000 	C:\WINDOWS\system32\sechost.dll
0x00007ffc40eb0000 - 0x00007ffc40fcc000 	C:\WINDOWS\system32\RPCRT4.dll
0x00007ffc42f50000 - 0x00007ffc430a6000 	C:\WINDOWS\system32\USER32.dll
0x00007ffc43780000 - 0x00007ffc43906000 	C:\WINDOWS\system32\GDI32.dll
0x00007ffc3a110000 - 0x00007ffc3a384000 	C:\WINDOWS\WinSxS\amd64_microsoft.windows.common-controls_6595b64144ccf1df_6.0.10586.494_none_a2d8b04ea53e3145\COMCTL32.dll
0x00007ffc42cd0000 - 0x00007ffc42f4d000 	C:\WINDOWS\system32\combase.dll
0x00007ffc40e40000 - 0x00007ffc40eaa000 	C:\WINDOWS\system32\bcryptPrimitives.dll
0x00007ffc43670000 - 0x00007ffc436ab000 	C:\WINDOWS\system32\IMM32.DLL
0x00000000652c0000 - 0x0000000065392000 	C:\Program Files\Java\jdk1.8.0_60\jre\bin\msvcr100.dll
0x0000000065740000 - 0x0000000065fc9000 	C:\Program Files\Java\jdk1.8.0_60\jre\bin\server\jvm.dll
0x00007ffc43370000 - 0x00007ffc43378000 	C:\WINDOWS\system32\PSAPI.DLL
0x00007ffc35dd0000 - 0x00007ffc35dd9000 	C:\WINDOWS\SYSTEM32\WSOCK32.dll
0x00007ffc3e800000 - 0x00007ffc3e823000 	C:\WINDOWS\SYSTEM32\WINMM.dll
0x00007ffc3cba0000 - 0x00007ffc3cbaa000 	C:\WINDOWS\SYSTEM32\VERSION.dll
0x00007ffc43910000 - 0x00007ffc4397b000 	C:\WINDOWS\system32\WS2_32.dll
0x00007ffc3e7a0000 - 0x00007ffc3e7cc000 	C:\WINDOWS\SYSTEM32\WINMMBASE.dll
0x00007ffc40160000 - 0x00007ffc401a3000 	C:\WINDOWS\system32\cfgmgr32.dll
0x0000000065730000 - 0x000000006573f000 	C:\Program Files\Java\jdk1.8.0_60\jre\bin\verify.dll
0x0000000065700000 - 0x0000000065729000 	C:\Program Files\Java\jdk1.8.0_60\jre\bin\java.dll
0x00000000656e0000 - 0x00000000656f6000 	C:\Program Files\Java\jdk1.8.0_60\jre\bin\zip.dll
0x00007ffc41710000 - 0x00007ffc42c6c000 	C:\WINDOWS\system32\SHELL32.dll
0x00007ffc407d0000 - 0x00007ffc40e15000 	C:\WINDOWS\system32\windows.storage.dll
0x00007ffc43270000 - 0x00007ffc432c2000 	C:\WINDOWS\system32\shlwapi.dll
0x00007ffc400d0000 - 0x00007ffc400df000 	C:\WINDOWS\system32\kernel.appcore.dll
0x00007ffc40540000 - 0x00007ffc405f5000 	C:\WINDOWS\system32\shcore.dll
0x00007ffc400f0000 - 0x00007ffc4013b000 	C:\WINDOWS\system32\powrprof.dll
0x00007ffc40140000 - 0x00007ffc40154000 	C:\WINDOWS\system32\profapi.dll
0x00000000656c0000 - 0x00000000656da000 	C:\Program Files\Java\jdk1.8.0_60\jre\bin\net.dll
0x00007ffc3f9a0000 - 0x00007ffc3f9fc000 	C:\WINDOWS\system32\mswsock.dll
0x00000000656a0000 - 0x00000000656b1000 	C:\Program Files\Java\jdk1.8.0_60\jre\bin\nio.dll
0x00007ffc337e0000 - 0x00007ffc337f2000 	C:\Users\Jasen Sanders\.gradle\native\19\windows-amd64\native-platform.dll
0x00007ffc3cf40000 - 0x00007ffc3cf78000 	C:\WINDOWS\SYSTEM32\IPHLPAPI.DLL
0x00007ffc43660000 - 0x00007ffc43668000 	C:\WINDOWS\system32\NSI.dll
0x00007ffc38d70000 - 0x00007ffc38d86000 	C:\WINDOWS\SYSTEM32\dhcpcsvc6.DLL
0x00007ffc38d50000 - 0x00007ffc38d6a000 	C:\WINDOWS\SYSTEM32\dhcpcsvc.DLL
0x00007ffc3fa50000 - 0x00007ffc3fa67000 	C:\WINDOWS\SYSTEM32\CRYPTSP.dll
0x00007ffc3f6e0000 - 0x00007ffc3f714000 	C:\WINDOWS\system32\rsaenh.dll
0x00007ffc40000000 - 0x00007ffc40029000 	C:\WINDOWS\SYSTEM32\bcrypt.dll
0x00007ffc3f830000 - 0x00007ffc3f84f000 	C:\WINDOWS\SYSTEM32\USERENV.dll
0x00007ffc3fb70000 - 0x00007ffc3fb7b000 	C:\WINDOWS\SYSTEM32\CRYPTBASE.dll
0x00000000654a0000 - 0x00000000654ad000 	C:\Program Files\Java\jdk1.8.0_60\jre\bin\management.dll
0x00007ffc29650000 - 0x00007ffc297dc000 	C:\WINDOWS\SYSTEM32\dbghelp.dll

VM Arguments:
jvm_args: -XX:MaxPermSize=256m -XX:+HeapDumpOnOutOfMemoryError -Xmx1024m -Dfile.encoding=windows-1252 -Duser.country=US -Duser.language=en -Duser.variant 
java_command: org.gradle.launcher.daemon.bootstrap.GradleDaemon 2.10
java_class_path (initial): C:\Program Files\Android\Android Studio\gradle\gradle-2.10\lib\gradle-launcher-2.10.jar
Launcher Type: SUN_STANDARD

Environment Variables:
JAVA_HOME=C:\Program Files (x86)\Java\jdk1.7.0_25
PATH=C:\Program Files (x86)\NVIDIA Corporation\PhysX\Common;C:\ProgramData\Oracle\Java\javapath;C:\Windows\system32;C:\Windows;C:\Windows\System32\Wbem;C:\Windows\System32\WindowsPowerShell\v1.0\;C:\Program Files\Microsoft SQL Server\110\Tools\Binn\;C:\EnPython;C:\EnPython\Scripts;C:\adb;%SystemRoot%\system32;%SystemRoot%;%SystemRoot%\System32\Wbem;%SYSTEMROOT%\System32\WindowsPowerShell\v1.0\;C:\EnPython;C:\EnPython\Scripts;C:\Program Files\Java\jdk1.8.0_60\bin;C:\gradle-2.12\bin\
USERNAME=Jasen Sanders
OS=Windows_NT
PROCESSOR_IDENTIFIER=Intel64 Family 6 Model 23 Stepping 6, GenuineIntel



---------------  S Y S T E M  ---------------

OS: Windows 10.0 , 64 bit Build 10586 (10.0.10586.0)

CPU:total 2 (2 cores per cpu, 1 threads per core) family 6 model 23 stepping 6, cmov, cx8, fxsr, mmx, sse, sse2, sse3, ssse3, sse4.1, tsc

Memory: 4k page, physical 8386012k(2951716k free), swap 16774620k(9240652k free)

vm_info: Java HotSpot(TM) 64-Bit Server VM (25.60-b23) for windows-amd64 JRE (1.8.0_60-b27), built on Aug  4 2015 11:06:27 by "java_re" with MS VC++ 10.0 (VS2010)

time: Thu Jul 28 00:24:48 2016
elapsed time: 3565 seconds (0d 0h 59m 25s)

