#
# A fatal error has been detected by the Java Runtime Environment:
#
#  EXCEPTION_ACCESS_VIOLATION (0xc0000005) at pc=0xffffffffa3e75120, pid=9200, tid=10924
#
# JRE version: Java(TM) SE Runtime Environment (8.0_60-b27) (build 1.8.0_60-b27)
# Java VM: Java HotSpot(TM) 64-Bit Server VM (25.60-b23 mixed mode windows-amd64 compressed oops)
# Problematic frame:
# C  0xffffffffa3e75120
#
# Failed to write core dump. Minidumps are not enabled by default on client versions of Windows
#
# If you would like to submit a bug report, please visit:
#   http://bugreport.java.com/bugreport/crash.jsp
#

---------------  T H R E A D  ---------------

Current thread (0x00000000173c5800):  JavaThread "pool-1-thread-1" [_thread_in_Java, id=10924, stack(0x0000000017820000,0x0000000017920000)]

siginfo: ExceptionCode=0xc0000005, ExceptionInformation=0x0000000000000008 0xffffffffa3e75120

Registers:
RAX=0x00000000ec89d9c8, RBX=0x00000000ec89d9c8, RCX=0x0000000000000fa9, RDX=0x00000000ec89d9c8
RSP=0x000000001791ede8, RBP=0x000000001791eed0, RSI=0x0000000000000135, RDI=0x0000000000000136
R8 =0x0000000000000136, R9 =0x00000000000000bf, R10=0x0000000065f32140, R11=0x0000000003424140
R12=0x0000000000000000, R13=0x000000001791ee80, R14=0x000000001791eef0, R15=0x00000000173c5800
RIP=0xffffffffa3e75120, EFLAGS=0x0000000000010206

Top of Stack: (sp=0x000000001791ede8)
0x000000001791ede8:   000000000342423c 0000000000000130
0x000000001791edf8:   00000000ec89d9c8 0000000014fe72c8
0x000000001791ee08:   000000001791ee58 000000001791eed0
0x000000001791ee18:   000000000345b004 0000000014fe7308
0x000000001791ee28:   0000000000000000 00000000ec89d9c8
0x000000001791ee38:   0000013500000005 0000000000000136
0x000000001791ee48:   000001340000000c 00000000000000f8
0x000000001791ee58:   00000000ec89d980 000000001791eed0
0x000000001791ee68:   0000000002e77a2d 000000001791eed0
0x000000001791ee78:   0000000002e77a2d 0000000000000005
0x000000001791ee88:   00000000ec89d9c8 000000001791ee90
0x000000001791ee98:   00000000150024dd 000000001791eef0
0x000000001791eea8:   0000000015002d38 0000000015006758
0x000000001791eeb8:   0000000015002560 000000001791ee80
0x000000001791eec8:   000000001791ef00 000000001791f018
0x000000001791eed8:   0000000003463584 0000000000000135 

Instructions: (pc=0xffffffffa3e75120)
0xffffffffa3e75100:   
[error occurred during error reporting (printing registers, top of stack, instructions near pc), id 0xc0000005]

Register to memory mapping:

RAX=0x00000000ec89d9c8 is an oop
com.android.dx.util.ByteArrayAnnotatedOutput 
 - klass: 'com/android/dx/util/ByteArrayAnnotatedOutput'
RBX=0x00000000ec89d9c8 is an oop
com.android.dx.util.ByteArrayAnnotatedOutput 
 - klass: 'com/android/dx/util/ByteArrayAnnotatedOutput'
RCX=0x0000000000000fa9 is an unknown value
RDX=0x00000000ec89d9c8 is an oop
com.android.dx.util.ByteArrayAnnotatedOutput 
 - klass: 'com/android/dx/util/ByteArrayAnnotatedOutput'
RSP=0x000000001791ede8 is pointing into the stack for thread: 0x00000000173c5800
RBP=0x000000001791eed0 is pointing into the stack for thread: 0x00000000173c5800
RSI=0x0000000000000135 is an unknown value
RDI=0x0000000000000136 is an unknown value
R8 =0x0000000000000136 is an unknown value
R9 =0x00000000000000bf is an unknown value
R10=0x0000000065f32140 is an unknown value
R11=0x0000000003424140 is at entry_point+32 in (nmethod*)0x0000000003423f90
R12=0x0000000000000000 is an unknown value
R13=0x000000001791ee80 is pointing into the stack for thread: 0x00000000173c5800
R14=0x000000001791eef0 is pointing into the stack for thread: 0x00000000173c5800
R15=0x00000000173c5800 is a thread


Stack: [0x0000000017820000,0x0000000017920000],  sp=0x000000001791ede8,  free space=1019k
Native frames: (J=compiled Java code, j=interpreted, Vv=VM code, C=native code)
C  0xffffffffa3e75120


---------------  P R O C E S S  ---------------

Java Threads: ( => current thread )
=>0x00000000173c5800 JavaThread "pool-1-thread-1" [_thread_in_Java, id=10924, stack(0x0000000017820000,0x0000000017920000)]
  0x000000001535b000 JavaThread "Service Thread" daemon [_thread_blocked, id=104, stack(0x0000000016520000,0x0000000016620000)]
  0x00000000152fc800 JavaThread "C1 CompilerThread1" daemon [_thread_blocked, id=4132, stack(0x0000000016420000,0x0000000016520000)]
  0x00000000152f9800 JavaThread "C2 CompilerThread0" daemon [_thread_blocked, id=880, stack(0x0000000016320000,0x0000000016420000)]
  0x00000000152f7800 JavaThread "Attach Listener" daemon [_thread_blocked, id=7028, stack(0x0000000016220000,0x0000000016320000)]
  0x0000000002e6e800 JavaThread "Signal Dispatcher" daemon [_thread_blocked, id=5176, stack(0x0000000016120000,0x0000000016220000)]
  0x0000000002e5d800 JavaThread "Finalizer" daemon [_thread_blocked, id=5180, stack(0x0000000015f40000,0x0000000016040000)]
  0x0000000002e5a800 JavaThread "Reference Handler" daemon [_thread_blocked, id=9296, stack(0x0000000015e40000,0x0000000015f40000)]
  0x0000000002c6d800 JavaThread "main" [_thread_blocked, id=5708, stack(0x0000000002c70000,0x0000000002d70000)]

Other Threads:
  0x00000000152c6000 VMThread [stack: 0x0000000015d40000,0x0000000015e40000] [id=5664]
  0x000000001535f800 WatcherThread [stack: 0x0000000016620000,0x0000000016720000] [id=2240]

VM state:not at safepoint (normal execution)

VM Mutex/Monitor currently owned by a thread: None

Heap:
 PSYoungGen      total 38400K, used 35437K [0x00000000eab00000, 0x00000000ef600000, 0x0000000100000000)
  eden space 33280K, 91% used [0x00000000eab00000,0x00000000ec89f758,0x00000000ecb80000)
  from space 5120K, 99% used [0x00000000ecb80000,0x00000000ed07c058,0x00000000ed080000)
  to   space 5120K, 0% used [0x00000000ef100000,0x00000000ef100000,0x00000000ef600000)
 ParOldGen       total 87552K, used 1543K [0x00000000c0000000, 0x00000000c5580000, 0x00000000eab00000)
  object space 87552K, 1% used [0x00000000c0000000,0x00000000c0181cd0,0x00000000c5580000)
 Metaspace       used 6377K, capacity 7224K, committed 7296K, reserved 1056768K
  class space    used 619K, capacity 624K, committed 640K, reserved 1048576K

Card table byte_map: [0x0000000012230000,0x0000000012440000] byte_map_base: 0x0000000011c30000

Marking Bits: (ParMarkBitMap*) 0x0000000065f4a5b0
 Begin Bits: [0x00000000127a0000, 0x00000000137a0000)
 End Bits:   [0x00000000137a0000, 0x00000000147a0000)

Polling page: 0x0000000002c00000

CodeCache: size=245760Kb used=6126Kb max_used=6137Kb free=239633Kb
 bounds [0x0000000002e70000, 0x0000000003480000, 0x0000000011e70000]
 total_blobs=1901 nmethods=1633 adapters=183
 compilation: enabled

Compilation events (10 events):
Event: 2.548 Thread 0x00000000152fc800 1637       3       com.android.dx.dex.file.StringIdsSection::indexOf (49 bytes)
Event: 2.548 Thread 0x00000000152fc800 nmethod 1637 0x000000000346c350 code [0x000000000346c540, 0x000000000346ce88]
Event: 2.548 Thread 0x00000000152fc800 1640       3       java.util.Arrays::sort (47 bytes)
Event: 2.549 Thread 0x00000000152fc800 nmethod 1640 0x000000000346bb10 code [0x000000000346bcc0, 0x000000000346c118]
Event: 2.549 Thread 0x00000000152fc800 1638       3       com.android.dx.dex.code.LocalList$Entry::getName (11 bytes)
Event: 2.549 Thread 0x00000000152fc800 nmethod 1638 0x000000000346b690 code [0x000000000346b800, 0x000000000346ba30]
Event: 2.549 Thread 0x00000000152fc800 1639       3       com.android.dx.dex.file.OffsettedItem::setWriteSize (37 bytes)
Event: 2.549 Thread 0x00000000152fc800 nmethod 1639 0x000000000346f590 code [0x000000000346f720, 0x000000000346fa78]
Event: 2.549 Thread 0x00000000152f9800 1641       4       com.android.dx.util.ByteArrayAnnotatedOutput::ensureCapacity (39 bytes)
Event: 2.550 Thread 0x00000000152f9800 nmethod 1641 0x000000000346b410 code [0x000000000346b540, 0x000000000346b5d8]

GC Heap History (2 events):
Event: 1.221 GC heap before
{Heap before GC invocations=1 (full 0):
 PSYoungGen      total 38400K, used 33280K [0x00000000eab00000, 0x00000000ed580000, 0x0000000100000000)
  eden space 33280K, 100% used [0x00000000eab00000,0x00000000ecb80000,0x00000000ecb80000)
  from space 5120K, 0% used [0x00000000ed080000,0x00000000ed080000,0x00000000ed580000)
  to   space 5120K, 0% used [0x00000000ecb80000,0x00000000ecb80000,0x00000000ed080000)
 ParOldGen       total 87552K, used 0K [0x00000000c0000000, 0x00000000c5580000, 0x00000000eab00000)
  object space 87552K, 0% used [0x00000000c0000000,0x00000000c0000000,0x00000000c5580000)
 Metaspace       used 5995K, capacity 6898K, committed 7040K, reserved 1056768K
  class space    used 599K, capacity 618K, committed 640K, reserved 1048576K
Event: 1.238 GC heap after
Heap after GC invocations=1 (full 0):
 PSYoungGen      total 38400K, used 5104K [0x00000000eab00000, 0x00000000ef600000, 0x0000000100000000)
  eden space 33280K, 0% used [0x00000000eab00000,0x00000000eab00000,0x00000000ecb80000)
  from space 5120K, 99% used [0x00000000ecb80000,0x00000000ed07c058,0x00000000ed080000)
  to   space 5120K, 0% used [0x00000000ef100000,0x00000000ef100000,0x00000000ef600000)
 ParOldGen       total 87552K, used 1543K [0x00000000c0000000, 0x00000000c5580000, 0x00000000eab00000)
  object space 87552K, 1% used [0x00000000c0000000,0x00000000c0181cd0,0x00000000c5580000)
 Metaspace       used 5995K, capacity 6898K, committed 7040K, reserved 1056768K
  class space    used 599K, capacity 618K, committed 640K, reserved 1048576K
}

Deoptimization events (10 events):
Event: 1.200 Thread 0x0000000016883000 Uncommon trap: reason=class_check action=maybe_recompile pc=0x000000000320bb48 method=java.util.HashMap.putVal(ILjava/lang/Object;Ljava/lang/Object;ZZ)Ljava/lang/Object; @ 203
Event: 1.204 Thread 0x0000000016883000 Uncommon trap: reason=class_check action=maybe_recompile pc=0x00000000032f2e4c method=com.android.dx.ssa.SCCP.setLatticeValueTo(IILcom/android/dx/rop/cst/Constant;)Z @ 43
Event: 1.204 Thread 0x0000000016883000 Uncommon trap: reason=class_check action=maybe_recompile pc=0x00000000032f2e4c method=com.android.dx.ssa.SCCP.setLatticeValueTo(IILcom/android/dx/rop/cst/Constant;)Z @ 43
Event: 2.254 Thread 0x00000000173c5800 Uncommon trap: reason=unstable_if action=reinterpret pc=0x000000000320bafc method=java.util.HashMap.putVal(ILjava/lang/Object;Ljava/lang/Object;ZZ)Ljava/lang/Object; @ 94
Event: 2.279 Thread 0x00000000173c5800 Uncommon trap: reason=bimorphic action=maybe_recompile pc=0x000000000316d830 method=java.util.HashMap.getNode(ILjava/lang/Object;)Ljava/util/HashMap$Node; @ 126
Event: 2.279 Thread 0x00000000173c5800 Uncommon trap: reason=bimorphic action=maybe_recompile pc=0x000000000316d830 method=java.util.HashMap.getNode(ILjava/lang/Object;)Ljava/util/HashMap$Node; @ 126
Event: 2.279 Thread 0x00000000173c5800 Uncommon trap: reason=bimorphic action=maybe_recompile pc=0x000000000316d830 method=java.util.HashMap.getNode(ILjava/lang/Object;)Ljava/util/HashMap$Node; @ 126
Event: 2.279 Thread 0x00000000173c5800 Uncommon trap: reason=bimorphic action=maybe_recompile pc=0x00000000030b11e0 method=java.util.HashMap.getNode(ILjava/lang/Object;)Ljava/util/HashMap$Node; @ 126
Event: 2.378 Thread 0x00000000173c5800 Uncommon trap: reason=unstable_if action=reinterpret pc=0x0000000003381878 method=com.android.dx.rop.code.RegisterSpecSet.equals(Ljava/lang/Object;)Z @ 30
Event: 2.510 Thread 0x00000000173c5800 Uncommon trap: reason=unstable_if action=reinterpret pc=0x00000000034142bc method=com.android.dx.dex.code.LocalList$MakeState.filterSpec(Lcom/android/dx/rop/code/RegisterSpec;)Lcom/android/dx/rop/code/RegisterSpec; @ 11

Internal exceptions (3 events):
Event: 0.047 Thread 0x0000000002c6d800 Exception <a 'java/lang/NoSuchMethodError': Method sun.misc.Unsafe.defineClass(Ljava/lang/String;[BII)Ljava/lang/Class; name or signature does not match> (0x00000000eab0d4b8) thrown at [C:\re\workspace\8-2-build-windows-amd64-cygwin\jdk8u60\4407\hotspot\srcn—¨Ë=¨?
Event: 0.047 Thread 0x0000000002c6d800 Exception <a 'java/lang/NoSuchMethodError': Method sun.misc.Unsafe.prefetchRead(Ljava/lang/Object;J)V name or signature does not match> (0x00000000eab0d7a0) thrown at [C:\re\workspace\8-2-build-windows-amd64-cygwin\jdk8u60\4407\hotspot\src\share\vm\prims\jóž|L¾Ùð?
Event: 1.053 Thread 0x000000001687a000 Implicit null exception at 0x000000000317c8fe to 0x000000000317e111

Events (10 events):
Event: 2.388 loading class com/android/dx/rop/code/RegisterSpecList$Expander done
Event: 2.510 Thread 0x00000000173c5800 Uncommon trap: trap_request=0xffffff65 fr.pc=0x00000000034142bc
Event: 2.510 Thread 0x00000000173c5800 DEOPT PACKING pc=0x00000000034142bc sp=0x000000001791ef60
Event: 2.510 Thread 0x00000000173c5800 DEOPT UNPACKING pc=0x0000000002eb556a sp=0x000000001791eeb8 mode 2
Event: 2.531 loading class com/android/dx/dex/file/DebugInfoEncoder
Event: 2.531 loading class com/android/dx/dex/file/DebugInfoEncoder done
Event: 2.534 loading class com/android/dx/dex/file/DebugInfoEncoder$1
Event: 2.534 loading class com/android/dx/dex/file/DebugInfoEncoder$1 done
Event: 2.536 loading class com/android/dx/dex/file/DebugInfoEncoder$2
Event: 2.536 loading class com/android/dx/dex/file/DebugInfoEncoder$2 done


Dynamic libraries:
0x00007ff6f5270000 - 0x00007ff6f52a7000 	C:\Program Files\Java\jdk1.8.0_60\bin\java.exe
0x00007ffc43ad0000 - 0x00007ffc43c91000 	C:\WINDOWS\SYSTEM32\ntdll.dll
0x00007ffc435b0000 - 0x00007ffc4365d000 	C:\WINDOWS\system32\KERNEL32.DLL
0x00007ffc40240000 - 0x00007ffc40428000 	C:\WINDOWS\system32\KERNELBASE.dll
0x00007ffc43a20000 - 0x00007ffc43ac7000 	C:\WINDOWS\system32\ADVAPI32.dll
0x00007ffc432d0000 - 0x00007ffc4336d000 	C:\WINDOWS\system32\msvcrt.dll
0x00007ffc42c70000 - 0x00007ffc42ccb000 	C:\WINDOWS\system32\sechost.dll
0x00007ffc40eb0000 - 0x00007ffc40fcc000 	C:\WINDOWS\system32\RPCRT4.dll
0x00007ffc42f50000 - 0x00007ffc430a6000 	C:\WINDOWS\system32\USER32.dll
0x00007ffc43780000 - 0x00007ffc43906000 	C:\WINDOWS\system32\GDI32.dll
0x00007ffc3a110000 - 0x00007ffc3a384000 	C:\WINDOWS\WinSxS\amd64_microsoft.windows.common-controls_6595b64144ccf1df_6.0.10586.494_none_a2d8b04ea53e3145\COMCTL32.dll
0x00007ffc42cd0000 - 0x00007ffc42f4d000 	C:\WINDOWS\system32\combase.dll
0x00007ffc40e40000 - 0x00007ffc40eaa000 	C:\WINDOWS\system32\bcryptPrimitives.dll
0x00007ffc43670000 - 0x00007ffc436ab000 	C:\WINDOWS\system32\IMM32.DLL
0x00000000652c0000 - 0x0000000065392000 	C:\Program Files\Java\jdk1.8.0_60\jre\bin\msvcr100.dll
0x0000000065740000 - 0x0000000065fc9000 	C:\Program Files\Java\jdk1.8.0_60\jre\bin\server\jvm.dll
0x00007ffc43370000 - 0x00007ffc43378000 	C:\WINDOWS\system32\PSAPI.DLL
0x00007ffc35dd0000 - 0x00007ffc35dd9000 	C:\WINDOWS\SYSTEM32\WSOCK32.dll
0x00007ffc3e800000 - 0x00007ffc3e823000 	C:\WINDOWS\SYSTEM32\WINMM.dll
0x00007ffc3cba0000 - 0x00007ffc3cbaa000 	C:\WINDOWS\SYSTEM32\VERSION.dll
0x00007ffc43910000 - 0x00007ffc4397b000 	C:\WINDOWS\system32\WS2_32.dll
0x00007ffc3e7a0000 - 0x00007ffc3e7cc000 	C:\WINDOWS\SYSTEM32\WINMMBASE.dll
0x00007ffc40160000 - 0x00007ffc401a3000 	C:\WINDOWS\system32\cfgmgr32.dll
0x0000000065730000 - 0x000000006573f000 	C:\Program Files\Java\jdk1.8.0_60\jre\bin\verify.dll
0x0000000065700000 - 0x0000000065729000 	C:\Program Files\Java\jdk1.8.0_60\jre\bin\java.dll
0x00000000656e0000 - 0x00000000656f6000 	C:\Program Files\Java\jdk1.8.0_60\jre\bin\zip.dll
0x00007ffc41710000 - 0x00007ffc42c6c000 	C:\WINDOWS\system32\SHELL32.dll
0x00007ffc407d0000 - 0x00007ffc40e15000 	C:\WINDOWS\system32\windows.storage.dll
0x00007ffc43270000 - 0x00007ffc432c2000 	C:\WINDOWS\system32\shlwapi.dll
0x00007ffc400d0000 - 0x00007ffc400df000 	C:\WINDOWS\system32\kernel.appcore.dll
0x00007ffc40540000 - 0x00007ffc405f5000 	C:\WINDOWS\system32\shcore.dll
0x00007ffc400f0000 - 0x00007ffc4013b000 	C:\WINDOWS\system32\powrprof.dll
0x00007ffc40140000 - 0x00007ffc40154000 	C:\WINDOWS\system32\profapi.dll
0x00007ffc29650000 - 0x00007ffc297dc000 	C:\WINDOWS\SYSTEM32\dbghelp.dll

VM Arguments:
jvm_args: -Djava.awt.headless=true -Xmx1024M -Dfile.encoding=windows-1252 -Duser.country=US -Duser.language=en -Duser.variant 
java_command: com.android.dx.command.Main --dex --force-jumbo --num-threads=4 --multi-dex --output E:\Desktop\MaterialDesign Class\XYZReader2\app\build\intermediates\transforms\dex\debug\folders\1000\10\instant-run_057769194da3de3149e9f1bbcb07fa0314717aaf E:\Desktop\MaterialDesign Class\XYZReader2\app\build\intermediates\incremental-runtime-classes\debug\instant-run.jar
java_class_path (initial): E:\android_sdk\build-tools\23.0.3\lib\dx.jar
Launcher Type: SUN_STANDARD

Environment Variables:
JAVA_HOME=C:\Program Files (x86)\Java\jdk1.7.0_25
PATH=C:\Program Files (x86)\NVIDIA Corporation\PhysX\Common;C:\ProgramData\Oracle\Java\javapath;C:\Windows\system32;C:\Windows;C:\Windows\System32\Wbem;C:\Windows\System32\WindowsPowerShell\v1.0\;C:\Program Files\Microsoft SQL Server\110\Tools\Binn\;C:\EnPython;C:\EnPython\Scripts;C:\adb;%SystemRoot%\system32;%SystemRoot%;%SystemRoot%\System32\Wbem;%SYSTEMROOT%\System32\WindowsPowerShell\v1.0\;C:\EnPython;C:\EnPython\Scripts;C:\Program Files\Java\jdk1.8.0_60\bin;C:\gradle-2.12\bin\
USERNAME=Jasen Sanders
OS=Windows_NT
PROCESSOR_IDENTIFIER=Intel64 Family 6 Model 23 Stepping 6, GenuineIntel



---------------  S Y S T E M  ---------------

OS: Windows 10.0 , 64 bit Build 10586 (10.0.10586.0)

CPU:total 2 (2 cores per cpu, 1 threads per core) family 6 model 23 stepping 6, cmov, cx8, fxsr, mmx, sse, sse2, sse3, ssse3, sse4.1, tsc

Memory: 4k page, physical 8386012k(2903052k free), swap 16774620k(8552384k free)

vm_info: Java HotSpot(TM) 64-Bit Server VM (25.60-b23) for windows-amd64 JRE (1.8.0_60-b27), built on Aug  4 2015 11:06:27 by "java_re" with MS VC++ 10.0 (VS2010)

time: Thu Jul 28 11:22:59 2016
elapsed time: 2 seconds (0d 0h 0m 2s)

