#
# A fatal error has been detected by the Java Runtime Environment:
#
#  EXCEPTION_ACCESS_VIOLATION (0xc0000005) at pc=0xffffffffa34c5120, pid=1408, tid=8988
#
# JRE version: Java(TM) SE Runtime Environment (8.0_60-b27) (build 1.8.0_60-b27)
# Java VM: Java HotSpot(TM) 64-Bit Server VM (25.60-b23 mixed mode windows-amd64 compressed oops)
# Problematic frame:
# C  0xffffffffa34c5120
#
# Failed to write core dump. Minidumps are not enabled by default on client versions of Windows
#
# If you would like to submit a bug report, please visit:
#   http://bugreport.java.com/bugreport/crash.jsp
#

---------------  T H R E A D  ---------------

Current thread (0x0000000015f82000):  JavaThread "pool-1-thread-3" [_thread_in_Java, id=8988, stack(0x0000000016470000,0x0000000016570000)]

siginfo: ExceptionCode=0xc0000005, ExceptionInformation=0x0000000000000008 0xffffffffa34c5120

Registers:
RAX=0x000000010008aa58, RBX=0x0000000000000003, RCX=0x0000000000000000, RDX=0x0000000000000003
RSP=0x000000001656e768, RBP=0x00000000ebf638a8, RSI=0x00000000ebf5c658, RDI=0x00000000ebcc4370
R8 =0x00000000ecb82180, R9 =0x0000000000000000, R10=0x00000000ecb82180, R11=0x0000000000000000
R12=0x0000000000000000, R13=0x0000000000000000, R14=0x0000000080000000, R15=0x0000000015f82000
RIP=0xffffffffa34c5120, EFLAGS=0x0000000000010202

Top of Stack: (sp=0x000000001656e768)
0x000000001656e768:   0000000002971858 000000001656e8d0
0x000000001656e778:   000000000282d37c 00000000eceb5800
0x000000001656e788:   00000000ebf555b0 00000000ebf65450
0x000000001656e798:   00000000ebf63868 000000001656e8d0
0x000000001656e7a8:   000000000282d15c 0000002b0000002a
0x000000001656e7b8:   00000000ebf55ac0 0000000100000002
0x000000001656e7c8:   0000002200000002 00000000ebf63868
0x000000001656e7d8:   0000000000000004 0000000002a1a82c
0x000000001656e7e8:   00000000ebf511d8 000000001656e8d0
0x000000001656e7f8:   0000000002a1a83c 00000000ebf637f8
0x000000001656e808:   0000000011280000 00000000ebf40838
0x000000001656e818:   00000000ebf5f130 0000002b00000000
0x000000001656e828:   00000000ebf63868 00000000ebf640a8
0x000000001656e838:   00000000ebf40838 00000000ebf65738
0x000000001656e848:   00000000ebf5c658 00000000ebcc4370
0x000000001656e858:   00000000ebf637f8 000000001656e8d0 

Instructions: (pc=0xffffffffa34c5120)
0xffffffffa34c5100:   
[error occurred during error reporting (printing registers, top of stack, instructions near pc), id 0xc0000005]

Register to memory mapping:

RAX=0x000000010008aa58 is pointing into metadata
RBX=0x0000000000000003 is an unknown value
RCX=0x0000000000000000 is an unknown value
RDX=0x0000000000000003 is an unknown value
RSP=0x000000001656e768 is pointing into the stack for thread: 0x0000000015f82000
RBP=0x00000000ebf638a8 is an oop
[I 
 - klass: {type array int}
 - length: 43
RSI=0x00000000ebf5c658 is an oop
com.android.dx.ssa.NormalSsaInsn 
 - klass: 'com/android/dx/ssa/NormalSsaInsn'
RDI=0x00000000ebcc4370 is an oop
com.android.dx.rop.code.RegisterSpec 
 - klass: 'com/android/dx/rop/code/RegisterSpec'
R8 =0x00000000ecb82180 is an oop
com.android.dx.rop.cst.CstInteger 
 - klass: 'com/android/dx/rop/cst/CstInteger'
R9 =0x0000000000000000 is an unknown value
R10=0x00000000ecb82180 is an oop
com.android.dx.rop.cst.CstInteger 
 - klass: 'com/android/dx/rop/cst/CstInteger'
R11=0x0000000000000000 is an unknown value
R12=0x0000000000000000 is an unknown value
R13=0x0000000000000000 is an unknown value
R14=0x0000000080000000 is an unknown value
R15=0x0000000015f82000 is a thread


Stack: [0x0000000016470000,0x0000000016570000],  sp=0x000000001656e768,  free space=1017k
Native frames: (J=compiled Java code, j=interpreted, Vv=VM code, C=native code)
C  0xffffffffa34c5120


---------------  P R O C E S S  ---------------

Java Threads: ( => current thread )
  0x0000000015f88800 JavaThread "pool-1-thread-4" [_thread_in_Java, id=11444, stack(0x0000000016570000,0x0000000016670000)]
=>0x0000000015f82000 JavaThread "pool-1-thread-3" [_thread_in_Java, id=8988, stack(0x0000000016470000,0x0000000016570000)]
  0x0000000015fc7800 JavaThread "pool-1-thread-2" [_thread_in_Java, id=7056, stack(0x0000000016370000,0x0000000016470000)]
  0x0000000015fb1800 JavaThread "pool-2-thread-1" [_thread_blocked, id=9304, stack(0x0000000016270000,0x0000000016370000)]
  0x0000000015fb1000 JavaThread "pool-1-thread-1" [_thread_in_Java, id=7128, stack(0x0000000016170000,0x0000000016270000)]
  0x00000000149ab000 JavaThread "Service Thread" daemon [_thread_blocked, id=10640, stack(0x0000000015b70000,0x0000000015c70000)]
  0x000000001494d000 JavaThread "C1 CompilerThread1" daemon [_thread_blocked, id=10948, stack(0x0000000015a70000,0x0000000015b70000)]
  0x0000000014949800 JavaThread "C2 CompilerThread0" daemon [_thread_blocked, id=12012, stack(0x0000000015970000,0x0000000015a70000)]
  0x0000000014948000 JavaThread "Attach Listener" daemon [_thread_blocked, id=11568, stack(0x0000000015870000,0x0000000015970000)]
  0x0000000014945000 JavaThread "Signal Dispatcher" daemon [_thread_blocked, id=11232, stack(0x0000000015770000,0x0000000015870000)]
  0x00000000024ad800 JavaThread "Finalizer" daemon [_thread_blocked, id=8420, stack(0x0000000015590000,0x0000000015690000)]
  0x00000000024aa800 JavaThread "Reference Handler" daemon [_thread_blocked, id=10480, stack(0x0000000015490000,0x0000000015590000)]
  0x00000000022bd800 JavaThread "main" [_thread_in_Java, id=4976, stack(0x00000000022c0000,0x00000000023c0000)]

Other Threads:
  0x0000000014915000 VMThread [stack: 0x0000000015390000,0x0000000015490000] [id=11944]
  0x00000000149c0800 WatcherThread [stack: 0x0000000015c70000,0x0000000015d70000] [id=4292]

VM state:not at safepoint (normal execution)

VM Mutex/Monitor currently owned by a thread: None

Heap:
 PSYoungGen      total 38400K, used 26232K [0x00000000eab00000, 0x00000000ef600000, 0x0000000100000000)
  eden space 33280K, 63% used [0x00000000eab00000,0x00000000ebfa17e0,0x00000000ecb80000)
  from space 5120K, 99% used [0x00000000ecb80000,0x00000000ed07ca40,0x00000000ed080000)
  to   space 5120K, 0% used [0x00000000ef100000,0x00000000ef100000,0x00000000ef600000)
 ParOldGen       total 87552K, used 1493K [0x00000000c0000000, 0x00000000c5580000, 0x00000000eab00000)
  object space 87552K, 1% used [0x00000000c0000000,0x00000000c0175718,0x00000000c5580000)
 Metaspace       used 6171K, capacity 7088K, committed 7296K, reserved 1056768K
  class space    used 603K, capacity 616K, committed 640K, reserved 1048576K

Card table byte_map: [0x0000000011880000,0x0000000011a90000] byte_map_base: 0x0000000011280000

Marking Bits: (ParMarkBitMap*) 0x0000000065f4a5b0
 Begin Bits: [0x0000000011df0000, 0x0000000012df0000)
 End Bits:   [0x0000000012df0000, 0x0000000013df0000)

Polling page: 0x0000000000540000

CodeCache: size=245760Kb used=5564Kb max_used=5575Kb free=240195Kb
 bounds [0x00000000024c0000, 0x0000000002a40000, 0x00000000114c0000]
 total_blobs=1682 nmethods=1415 adapters=182
 compilation: enabled

Compilation events (10 events):
Event: 1.209 Thread 0x000000001494d000 1411       2       com.android.dx.dex.file.EncodedField::<init> (25 bytes)
Event: 1.209 Thread 0x000000001494d000 nmethod 1411 0x0000000002a26350 code [0x0000000002a264c0, 0x0000000002a266e8]
Event: 1.209 Thread 0x000000001494d000 1412       2       com.android.dx.rop.cst.CstFieldRef::<init> (7 bytes)
Event: 1.209 Thread 0x000000001494d000 nmethod 1412 0x0000000002a267d0 code [0x0000000002a26940, 0x0000000002a26aa8]
Event: 1.209 Thread 0x000000001494d000 1413       2       com.android.dx.rop.cst.CstString::<init> (42 bytes)
Event: 1.209 Thread 0x000000001494d000 nmethod 1413 0x0000000002a26b50 code [0x0000000002a26ce0, 0x0000000002a26ff8]
Event: 1.210 Thread 0x000000001494d000 1414       2       com.android.dx.rop.code.Rops::opPutField (97 bytes)
Event: 1.211 Thread 0x000000001494d000 nmethod 1414 0x0000000002a271d0 code [0x0000000002a273a0, 0x0000000002a27918]
Event: 1.215 Thread 0x000000001494d000 1415       2       java.util.HashMap$HashIterator::nextNode (100 bytes)
Event: 1.215 Thread 0x000000001494d000 nmethod 1415 0x0000000002a29110 code [0x0000000002a292a0, 0x0000000002a29618]

GC Heap History (2 events):
Event: 0.938 GC heap before
{Heap before GC invocations=1 (full 0):
 PSYoungGen      total 38400K, used 33280K [0x00000000eab00000, 0x00000000ed580000, 0x0000000100000000)
  eden space 33280K, 100% used [0x00000000eab00000,0x00000000ecb80000,0x00000000ecb80000)
  from space 5120K, 0% used [0x00000000ed080000,0x00000000ed080000,0x00000000ed580000)
  to   space 5120K, 0% used [0x00000000ecb80000,0x00000000ecb80000,0x00000000ed080000)
 ParOldGen       total 87552K, used 0K [0x00000000c0000000, 0x00000000c5580000, 0x00000000eab00000)
  object space 87552K, 0% used [0x00000000c0000000,0x00000000c0000000,0x00000000c5580000)
 Metaspace       used 6016K, capacity 6960K, committed 7040K, reserved 1056768K
  class space    used 601K, capacity 616K, committed 640K, reserved 1048576K
Event: 0.953 GC heap after
Heap after GC invocations=1 (full 0):
 PSYoungGen      total 38400K, used 5106K [0x00000000eab00000, 0x00000000ef600000, 0x0000000100000000)
  eden space 33280K, 0% used [0x00000000eab00000,0x00000000eab00000,0x00000000ecb80000)
  from space 5120K, 99% used [0x00000000ecb80000,0x00000000ed07ca40,0x00000000ed080000)
  to   space 5120K, 0% used [0x00000000ef100000,0x00000000ef100000,0x00000000ef600000)
 ParOldGen       total 87552K, used 1493K [0x00000000c0000000, 0x00000000c5580000, 0x00000000eab00000)
  object space 87552K, 1% used [0x00000000c0000000,0x00000000c0175718,0x00000000c5580000)
 Metaspace       used 6016K, capacity 6960K, committed 7040K, reserved 1056768K
  class space    used 601K, capacity 616K, committed 640K, reserved 1048576K
}

Deoptimization events (10 events):
Event: 0.645 Thread 0x0000000015fc7800 Uncommon trap: reason=unstable_if action=reinterpret pc=0x0000000002777834 method=java.util.BitSet.ensureCapacity(I)V @ 6
Event: 0.849 Thread 0x0000000015fb1000 Uncommon trap: reason=class_check action=maybe_recompile pc=0x000000000285d058 method=com.android.dx.ssa.NormalSsaInsn.accept(Lcom/android/dx/ssa/SsaInsn$Visitor;)V @ 9
Event: 0.849 Thread 0x0000000015fb1000 Uncommon trap: reason=class_check action=maybe_recompile pc=0x00000000027ac5f0 method=com.android.dx.ssa.NormalSsaInsn.accept(Lcom/android/dx/ssa/SsaInsn$Visitor;)V @ 9
Event: 0.862 Thread 0x00000000022bd800 Uncommon trap: reason=unstable_if action=reinterpret pc=0x00000000028c2d04 method=com.android.dx.rop.code.RegisterSpec.equals(ILcom/android/dx/rop/type/TypeBearer;Lcom/android/dx/rop/code/LocalItem;)Z @ 16
Event: 0.862 Thread 0x00000000022bd800 Uncommon trap: reason=unstable_if action=reinterpret pc=0x0000000002975344 method=com.android.dx.rop.code.RegisterSpec.equals(ILcom/android/dx/rop/type/TypeBearer;Lcom/android/dx/rop/code/LocalItem;)Z @ 16
Event: 0.863 Thread 0x00000000022bd800 Uncommon trap: reason=unstable_if action=reinterpret pc=0x000000000275a548 method=java.util.HashMap.getNode(ILjava/lang/Object;)Ljava/util/HashMap$Node; @ 129
Event: 1.013 Thread 0x0000000015fb1000 Uncommon trap: reason=null_check action=make_not_entrant pc=0x0000000002984390 method=com.android.dx.rop.type.Type.equals(Ljava/lang/Object;)Z @ 8
Event: 1.110 Thread 0x0000000015fc7800 Uncommon trap: reason=unstable_if action=reinterpret pc=0x000000000290545c method=com.android.dx.rop.cst.Constant.compareTo(Lcom/android/dx/rop/cst/Constant;)I @ 12
Event: 1.124 Thread 0x0000000015fc7800 Uncommon trap: reason=unstable_if action=reinterpret pc=0x000000000299e9f8 method=com.android.dx.cf.code.Ropper.labelToResultIndex(I)I @ 34
Event: 1.198 Thread 0x0000000015f82000 Uncommon trap: reason=bimorphic action=maybe_recompile pc=0x000000000298c1a0 method=java.util.HashMap.getNode(ILjava/lang/Object;)Ljava/util/HashMap$Node; @ 126

Internal exceptions (3 events):
Event: 0.041 Thread 0x00000000022bd800 Exception <a 'java/lang/NoSuchMethodError': Method sun.misc.Unsafe.defineClass(Ljava/lang/String;[BII)Ljava/lang/Class; name or signature does not match> (0x00000000eab0d4c8) thrown at [C:\re\workspace\8-2-build-windows-amd64-cygwin\jdk8u60\4407\hotspot\sr-±düG¥?
Event: 0.041 Thread 0x00000000022bd800 Exception <a 'java/lang/NoSuchMethodError': Method sun.misc.Unsafe.prefetchRead(Ljava/lang/Object;J)V name or signature does not match> (0x00000000eab0d7b0) thrown at [C:\re\workspace\8-2-build-windows-amd64-cygwin\jdk8u60\4407\hotspot\src\share\vm\prims\j'ãÀæ4ð?
Event: 1.013 Thread 0x0000000015fb1000 Implicit null exception at 0x00000000029842e2 to 0x0000000002984381

Events (10 events):
Event: 1.124 loading class java/util/HashMap$ValueIterator
Event: 1.124 loading class java/util/HashMap$ValueIterator done
Event: 1.124 Thread 0x0000000015fc7800 Uncommon trap: trap_request=0xffffff65 fr.pc=0x000000000299e9f8
Event: 1.124 Thread 0x0000000015fc7800 DEOPT PACKING pc=0x000000000299e9f8 sp=0x000000001646e880
Event: 1.124 Thread 0x0000000015fc7800 DEOPT UNPACKING pc=0x000000000250556a sp=0x000000001646e828 mode 2
Event: 1.191 Thread 0x0000000015f88800 DEOPT PACKING pc=0x00000000029e9975 sp=0x000000001666e520
Event: 1.191 Thread 0x0000000015f88800 DEOPT UNPACKING pc=0x00000000025071bf sp=0x000000001666e288 mode 0
Event: 1.198 Thread 0x0000000015f82000 Uncommon trap: trap_request=0xffffffc6 fr.pc=0x000000000298c1a0
Event: 1.198 Thread 0x0000000015f82000 DEOPT PACKING pc=0x000000000298c1a0 sp=0x000000001656e5d0
Event: 1.199 Thread 0x0000000015f82000 DEOPT UNPACKING pc=0x000000000250556a sp=0x000000001656e550 mode 2


Dynamic libraries:
0x00007ff6f5270000 - 0x00007ff6f52a7000 	C:\Program Files\Java\jdk1.8.0_60\bin\java.exe
0x00007ffc43ad0000 - 0x00007ffc43c91000 	C:\WINDOWS\SYSTEM32\ntdll.dll
0x00007ffc435b0000 - 0x00007ffc4365d000 	C:\WINDOWS\system32\KERNEL32.DLL
0x00007ffc40240000 - 0x00007ffc40428000 	C:\WINDOWS\system32\KERNELBASE.dll
0x00007ffc43a20000 - 0x00007ffc43ac7000 	C:\WINDOWS\system32\ADVAPI32.dll
0x00007ffc432d0000 - 0x00007ffc4336d000 	C:\WINDOWS\system32\msvcrt.dll
0x00007ffc42c70000 - 0x00007ffc42ccb000 	C:\WINDOWS\system32\sechost.dll
0x00007ffc40eb0000 - 0x00007ffc40fcc000 	C:\WINDOWS\system32\RPCRT4.dll
0x00007ffc42f50000 - 0x00007ffc430a6000 	C:\WINDOWS\system32\USER32.dll
0x00007ffc43780000 - 0x00007ffc43906000 	C:\WINDOWS\system32\GDI32.dll
0x00007ffc3a110000 - 0x00007ffc3a384000 	C:\WINDOWS\WinSxS\amd64_microsoft.windows.common-controls_6595b64144ccf1df_6.0.10586.494_none_a2d8b04ea53e3145\COMCTL32.dll
0x00007ffc42cd0000 - 0x00007ffc42f4d000 	C:\WINDOWS\system32\combase.dll
0x00007ffc40e40000 - 0x00007ffc40eaa000 	C:\WINDOWS\system32\bcryptPrimitives.dll
0x00007ffc43670000 - 0x00007ffc436ab000 	C:\WINDOWS\system32\IMM32.DLL
0x00000000652c0000 - 0x0000000065392000 	C:\Program Files\Java\jdk1.8.0_60\jre\bin\msvcr100.dll
0x0000000065740000 - 0x0000000065fc9000 	C:\Program Files\Java\jdk1.8.0_60\jre\bin\server\jvm.dll
0x00007ffc43370000 - 0x00007ffc43378000 	C:\WINDOWS\system32\PSAPI.DLL
0x00007ffc35dd0000 - 0x00007ffc35dd9000 	C:\WINDOWS\SYSTEM32\WSOCK32.dll
0x00007ffc3e800000 - 0x00007ffc3e823000 	C:\WINDOWS\SYSTEM32\WINMM.dll
0x00007ffc43910000 - 0x00007ffc4397b000 	C:\WINDOWS\system32\WS2_32.dll
0x00007ffc3cba0000 - 0x00007ffc3cbaa000 	C:\WINDOWS\SYSTEM32\VERSION.dll
0x00007ffc3e7a0000 - 0x00007ffc3e7cc000 	C:\WINDOWS\SYSTEM32\WINMMBASE.dll
0x00007ffc40160000 - 0x00007ffc401a3000 	C:\WINDOWS\system32\cfgmgr32.dll
0x0000000065730000 - 0x000000006573f000 	C:\Program Files\Java\jdk1.8.0_60\jre\bin\verify.dll
0x0000000065700000 - 0x0000000065729000 	C:\Program Files\Java\jdk1.8.0_60\jre\bin\java.dll
0x00000000656e0000 - 0x00000000656f6000 	C:\Program Files\Java\jdk1.8.0_60\jre\bin\zip.dll
0x00007ffc41710000 - 0x00007ffc42c6c000 	C:\WINDOWS\system32\SHELL32.dll
0x00007ffc407d0000 - 0x00007ffc40e15000 	C:\WINDOWS\system32\windows.storage.dll
0x00007ffc43270000 - 0x00007ffc432c2000 	C:\WINDOWS\system32\shlwapi.dll
0x00007ffc400d0000 - 0x00007ffc400df000 	C:\WINDOWS\system32\kernel.appcore.dll
0x00007ffc40540000 - 0x00007ffc405f5000 	C:\WINDOWS\system32\shcore.dll
0x00007ffc400f0000 - 0x00007ffc4013b000 	C:\WINDOWS\system32\powrprof.dll
0x00007ffc40140000 - 0x00007ffc40154000 	C:\WINDOWS\system32\profapi.dll
0x00007ffc29650000 - 0x00007ffc297dc000 	C:\WINDOWS\SYSTEM32\dbghelp.dll

VM Arguments:
jvm_args: -Djava.awt.headless=true -Xmx1024M -Dfile.encoding=windows-1252 -Duser.country=US -Duser.language=en -Duser.variant 
java_command: com.android.dx.command.Main --dex --force-jumbo --num-threads=4 --output E:\Desktop\MaterialDesign Class\XYZReader2\app\build\intermediates\pre-dexed\debug\com.android.support-design-24.0.0_30a04c651d78d31371c85793a8ab42965918cf03.jar E:\Desktop\MaterialDesign Class\XYZReader2\app\build\intermediates\exploded-aar\com.android.support\design\24.0.0\jars\classes.jar
java_class_path (initial): E:\android_sdk\build-tools\23.0.3\lib\dx.jar
Launcher Type: SUN_STANDARD

Environment Variables:
JAVA_HOME=C:\Program Files (x86)\Java\jdk1.7.0_25
PATH=C:\Program Files (x86)\NVIDIA Corporation\PhysX\Common;C:\ProgramData\Oracle\Java\javapath;C:\Windows\system32;C:\Windows;C:\Windows\System32\Wbem;C:\Windows\System32\WindowsPowerShell\v1.0\;C:\Program Files\Microsoft SQL Server\110\Tools\Binn\;C:\EnPython;C:\EnPython\Scripts;C:\adb;%SystemRoot%\system32;%SystemRoot%;%SystemRoot%\System32\Wbem;%SYSTEMROOT%\System32\WindowsPowerShell\v1.0\;C:\EnPython;C:\EnPython\Scripts;C:\Program Files\Java\jdk1.8.0_60\bin;C:\gradle-2.12\bin\
USERNAME=Jasen Sanders
OS=Windows_NT
PROCESSOR_IDENTIFIER=Intel64 Family 6 Model 23 Stepping 6, GenuineIntel



---------------  S Y S T E M  ---------------

OS: Windows 10.0 , 64 bit Build 10586 (10.0.10586.0)

CPU:total 2 (2 cores per cpu, 1 threads per core) family 6 model 23 stepping 6, cmov, cx8, fxsr, mmx, sse, sse2, sse3, ssse3, sse4.1, tsc

Memory: 4k page, physical 8386012k(2893460k free), swap 16774620k(9099712k free)

vm_info: Java HotSpot(TM) 64-Bit Server VM (25.60-b23) for windows-amd64 JRE (1.8.0_60-b27), built on Aug  4 2015 11:06:27 by "java_re" with MS VC++ 10.0 (VS2010)

time: Wed Jul 27 09:57:37 2016
elapsed time: 1 seconds (0d 0h 0m 1s)

