#
# A fatal error has been detected by the Java Runtime Environment:
#
#  EXCEPTION_ACCESS_VIOLATION (0xc0000005) at pc=0xffffffffa3bc5120, pid=644, tid=5832
#
# JRE version: Java(TM) SE Runtime Environment (8.0_60-b27) (build 1.8.0_60-b27)
# Java VM: Java HotSpot(TM) 64-Bit Server VM (25.60-b23 mixed mode windows-amd64 compressed oops)
# Problematic frame:
# C  0xffffffffa3bc5120
#
# Failed to write core dump. Minidumps are not enabled by default on client versions of Windows
#
# If you would like to submit a bug report, please visit:
#   http://bugreport.java.com/bugreport/crash.jsp
#

---------------  T H R E A D  ---------------

Current thread (0x0000000016680800):  JavaThread "pool-1-thread-2" [_thread_in_Java, id=5832, stack(0x0000000016a60000,0x0000000016b60000)]

siginfo: ExceptionCode=0xc0000005, ExceptionInformation=0x0000000000000008 0xffffffffa3bc5120

Registers:
RAX=0x0000000014b424f8, RBX=0x0000000014b424f8, RCX=0x00000000eaeef728, RDX=0x00000000eaeef728
RSP=0x0000000016b5eb18, RBP=0x0000000016b5eb80, RSI=0x0000000014b79ea8, RDI=0x0000000000000108
R8 =0x0000000000000001, R9 =0x00000000eb6bfa88, R10=0x0000000065f32140, R11=0x0000000002d674c0
R12=0x0000000000000000, R13=0x0000000016b5eb30, R14=0x0000000016b5ebb8, R15=0x0000000016680800
RIP=0xffffffffa3bc5120, EFLAGS=0x0000000000010202

Top of Stack: (sp=0x0000000016b5eb18)
0x0000000016b5eb18:   0000000002bc77b0 0000000002bc7200
0x0000000016b5eb28:   0000000002bc77b0 0000000000000001
0x0000000016b5eb38:   00000000eaeef728 0000000016b5eb40
0x0000000016b5eb48:   0000000014b55fc1 0000000016b5ebb8
0x0000000016b5eb58:   0000000014b56160 0000000000000000
0x0000000016b5eb68:   0000000014b56040 0000000016b5eb30
0x0000000016b5eb78:   0000000016b5eba8 0000000016b5ec00
0x0000000016b5eb88:   0000000002bc77b0 00000000eaeef768
0x0000000016b5eb98:   0000000000000001 0000000000000005
0x0000000016b5eba8:   0000000000000001 0000000000000000
0x0000000016b5ebb8:   00000000eaeef728 0000000016b5ebc0
0x0000000016b5ebc8:   0000000014b9eac5 0000000016b5ec78
0x0000000016b5ebd8:   0000000014ba66e0 0000000000000000
0x0000000016b5ebe8:   0000000014b9edb8 0000000016b5eba8
0x0000000016b5ebf8:   0000000016b5ec78 0000000016b5ecc0
0x0000000016b5ec08:   0000000002bc7a2d 0000000000000000 

Instructions: (pc=0xffffffffa3bc5120)
0xffffffffa3bc5100:   
[error occurred during error reporting (printing registers, top of stack, instructions near pc), id 0xc0000005]

Register to memory mapping:

RAX={method} {0x0000000014b42500} 'get0' '(I)Ljava/lang/Object;' in 'com/android/dx/util/FixedSizeList'
RBX={method} {0x0000000014b42500} 'get0' '(I)Ljava/lang/Object;' in 'com/android/dx/util/FixedSizeList'
RCX=0x00000000eaeef728 is an oop
com.android.dx.cf.code.LocalVariableList 
 - klass: 'com/android/dx/cf/code/LocalVariableList'
RDX=0x00000000eaeef728 is an oop
com.android.dx.cf.code.LocalVariableList 
 - klass: 'com/android/dx/cf/code/LocalVariableList'
RSP=0x0000000016b5eb18 is pointing into the stack for thread: 0x0000000016680800
RBP=0x0000000016b5eb80 is pointing into the stack for thread: 0x0000000016680800
RSI=0x0000000014b79ea8 is pointing into metadata
RDI=0x0000000000000108 is an unknown value
R8 =0x0000000000000001 is an unknown value
R9 =0x00000000eb6bfa88 is an oop
com.android.dx.rop.code.PlainCstInsn 
 - klass: 'com/android/dx/rop/code/PlainCstInsn'
R10=0x0000000065f32140 is an unknown value
R11=0x0000000002d674c0 is at entry_point+32 in (nmethod*)0x0000000002d67290
R12=0x0000000000000000 is an unknown value
R13=0x0000000016b5eb30 is pointing into the stack for thread: 0x0000000016680800
R14=0x0000000016b5ebb8 is pointing into the stack for thread: 0x0000000016680800
R15=0x0000000016680800 is a thread


Stack: [0x0000000016a60000,0x0000000016b60000],  sp=0x0000000016b5eb18,  free space=1018k
Native frames: (J=compiled Java code, j=interpreted, Vv=VM code, C=native code)
C  0xffffffffa3bc5120


---------------  P R O C E S S  ---------------

Java Threads: ( => current thread )
  0x0000000016684000 JavaThread "pool-1-thread-4" [_thread_in_Java, id=6908, stack(0x0000000016c60000,0x0000000016d60000)]
  0x0000000016683000 JavaThread "pool-1-thread-3" [_thread_in_Java, id=10856, stack(0x0000000016b60000,0x0000000016c60000)]
=>0x0000000016680800 JavaThread "pool-1-thread-2" [_thread_in_Java, id=5832, stack(0x0000000016a60000,0x0000000016b60000)]
  0x0000000016598800 JavaThread "pool-2-thread-1" [_thread_blocked, id=2144, stack(0x0000000016960000,0x0000000016a60000)]
  0x0000000016595800 JavaThread "pool-1-thread-1" [_thread_in_Java, id=4816, stack(0x0000000016860000,0x0000000016960000)]
  0x00000000150ad000 JavaThread "Service Thread" daemon [_thread_blocked, id=2572, stack(0x0000000016260000,0x0000000016360000)]
  0x000000001504d000 JavaThread "C1 CompilerThread1" daemon [_thread_blocked, id=3720, stack(0x0000000016160000,0x0000000016260000)]
  0x0000000015049800 JavaThread "C2 CompilerThread0" daemon [_thread_blocked, id=11660, stack(0x0000000016060000,0x0000000016160000)]
  0x0000000015048000 JavaThread "Attach Listener" daemon [_thread_blocked, id=1872, stack(0x0000000015f60000,0x0000000016060000)]
  0x0000000015045000 JavaThread "Signal Dispatcher" daemon [_thread_blocked, id=11680, stack(0x0000000015e60000,0x0000000015f60000)]
  0x0000000002bad800 JavaThread "Finalizer" daemon [_thread_blocked, id=11412, stack(0x0000000015c80000,0x0000000015d80000)]
  0x0000000002baa800 JavaThread "Reference Handler" daemon [_thread_blocked, id=9172, stack(0x0000000015b80000,0x0000000015c80000)]
  0x000000000291d800 JavaThread "main" [_thread_blocked, id=12264, stack(0x00000000029c0000,0x0000000002ac0000)]

Other Threads:
  0x0000000015015800 VMThread [stack: 0x0000000015a80000,0x0000000015b80000] [id=9268]
  0x00000000150cb000 WatcherThread [stack: 0x0000000016360000,0x0000000016460000] [id=10860]

VM state:not at safepoint (normal execution)

VM Mutex/Monitor currently owned by a thread: None

Heap:
 PSYoungGen      total 38400K, used 12679K [0x00000000eab00000, 0x00000000ed580000, 0x0000000100000000)
  eden space 33280K, 38% used [0x00000000eab00000,0x00000000eb761e68,0x00000000ecb80000)
  from space 5120K, 0% used [0x00000000ed080000,0x00000000ed080000,0x00000000ed580000)
  to   space 5120K, 0% used [0x00000000ecb80000,0x00000000ecb80000,0x00000000ed080000)
 ParOldGen       total 87552K, used 0K [0x00000000c0000000, 0x00000000c5580000, 0x00000000eab00000)
  object space 87552K, 0% used [0x00000000c0000000,0x00000000c0000000,0x00000000c5580000)
 Metaspace       used 5412K, capacity 6448K, committed 6528K, reserved 1056768K
  class space    used 590K, capacity 616K, committed 640K, reserved 1048576K

Card table byte_map: [0x0000000011f80000,0x0000000012190000] byte_map_base: 0x0000000011980000

Marking Bits: (ParMarkBitMap*) 0x0000000065f4a5b0
 Begin Bits: [0x00000000124f0000, 0x00000000134f0000)
 End Bits:   [0x00000000134f0000, 0x00000000144f0000)

Polling page: 0x0000000000d90000

CodeCache: size=245760Kb used=2033Kb max_used=2033Kb free=243726Kb
 bounds [0x0000000002bc0000, 0x0000000002e30000, 0x0000000011bc0000]
 total_blobs=729 nmethods=462 adapters=182
 compilation: enabled

Compilation events (10 events):
Event: 0.365 Thread 0x000000001504d000  452       1       com.android.dx.rop.code.RegisterSpec::getTypeBearer (5 bytes)
Event: 0.365 Thread 0x000000001504d000 nmethod 452 0x0000000002db8050 code [0x0000000002db81a0, 0x0000000002db82b0]
Event: 0.365 Thread 0x000000001504d000  444       1       com.android.dx.cf.iface.StdMember::getAccessFlags (5 bytes)
Event: 0.365 Thread 0x000000001504d000 nmethod 444 0x0000000002db8310 code [0x0000000002db8460, 0x0000000002db8570]
Event: 0.365 Thread 0x000000001504d000  453       1       com.android.dx.rop.type.Type::getBasicType (5 bytes)
Event: 0.365 Thread 0x0000000015049800  455   !   4       com.android.dx.util.FixedSizeList::get0 (47 bytes)
Event: 0.365 Thread 0x000000001504d000 nmethod 453 0x0000000002db85d0 code [0x0000000002db8720, 0x0000000002db8830]
Event: 0.365 Thread 0x000000001504d000  454       3       com.android.dx.dex.code.OutputCollector::add (9 bytes)
Event: 0.365 Thread 0x000000001504d000 nmethod 454 0x0000000002db8890 code [0x0000000002db8a40, 0x0000000002db9058]
Event: 0.365 Thread 0x0000000015049800 nmethod 455 0x0000000002dbc090 code [0x0000000002dbc1c0, 0x0000000002dbc278]

GC Heap History (0 events):
No events

Deoptimization events (0 events):
No events

Internal exceptions (2 events):
Event: 0.048 Thread 0x000000000291d800 Exception <a 'java/lang/NoSuchMethodError': Method sun.misc.Unsafe.defineClass(Ljava/lang/String;[BII)Ljava/lang/Class; name or signature does not match> (0x00000000eab0d4d8) thrown at [C:\re\workspace\8-2-build-windows-amd64-cygwin\jdk8u60\4407\hotspot\srKπè0è~®?
Event: 0.048 Thread 0x000000000291d800 Exception <a 'java/lang/NoSuchMethodError': Method sun.misc.Unsafe.prefetchRead(Ljava/lang/Object;J)V name or signature does not match> (0x00000000eab0d7c0) thrown at [C:\re\workspace\8-2-build-windows-amd64-cygwin\jdk8u60\4407\hotspot\src\share\vm\prims\j

Events (10 events):
Event: 0.347 loading class com/android/dx/dex/code/RopToDop
Event: 0.347 loading class com/android/dx/dex/code/RopToDop done
Event: 0.349 loading class com/android/dx/dex/code/StdCatchBuilder
Event: 0.349 loading class com/android/dx/dex/code/StdCatchBuilder done
Event: 0.350 loading class com/android/dx/dex/code/DalvCode
Event: 0.350 loading class com/android/dx/dex/code/DalvCode done
Event: 0.350 loading class java/io/PrintWriter
Event: 0.350 loading class java/io/PrintWriter done
Event: 0.350 loading class com/android/dx/dex/file/DebugInfoItem
Event: 0.350 loading class com/android/dx/dex/file/DebugInfoItem done


Dynamic libraries:
0x00007ff6f5270000 - 0x00007ff6f52a7000 	C:\Program Files\Java\jdk1.8.0_60\bin\java.exe
0x00007ffc43ad0000 - 0x00007ffc43c91000 	C:\WINDOWS\SYSTEM32\ntdll.dll
0x00007ffc435b0000 - 0x00007ffc4365d000 	C:\WINDOWS\system32\KERNEL32.DLL
0x00007ffc40240000 - 0x00007ffc40428000 	C:\WINDOWS\system32\KERNELBASE.dll
0x00007ffc43a20000 - 0x00007ffc43ac7000 	C:\WINDOWS\system32\ADVAPI32.dll
0x00007ffc432d0000 - 0x00007ffc4336d000 	C:\WINDOWS\system32\msvcrt.dll
0x00007ffc42c70000 - 0x00007ffc42ccb000 	C:\WINDOWS\system32\sechost.dll
0x00007ffc40eb0000 - 0x00007ffc40fcc000 	C:\WINDOWS\system32\RPCRT4.dll
0x00007ffc42f50000 - 0x00007ffc430a6000 	C:\WINDOWS\system32\USER32.dll
0x00007ffc43780000 - 0x00007ffc43906000 	C:\WINDOWS\system32\GDI32.dll
0x00007ffc3a110000 - 0x00007ffc3a384000 	C:\WINDOWS\WinSxS\amd64_microsoft.windows.common-controls_6595b64144ccf1df_6.0.10586.494_none_a2d8b04ea53e3145\COMCTL32.dll
0x00007ffc42cd0000 - 0x00007ffc42f4d000 	C:\WINDOWS\system32\combase.dll
0x00007ffc40e40000 - 0x00007ffc40eaa000 	C:\WINDOWS\system32\bcryptPrimitives.dll
0x00007ffc43670000 - 0x00007ffc436ab000 	C:\WINDOWS\system32\IMM32.DLL
0x00000000652c0000 - 0x0000000065392000 	C:\Program Files\Java\jdk1.8.0_60\jre\bin\msvcr100.dll
0x0000000065740000 - 0x0000000065fc9000 	C:\Program Files\Java\jdk1.8.0_60\jre\bin\server\jvm.dll
0x00007ffc43370000 - 0x00007ffc43378000 	C:\WINDOWS\system32\PSAPI.DLL
0x00007ffc35dd0000 - 0x00007ffc35dd9000 	C:\WINDOWS\SYSTEM32\WSOCK32.dll
0x00007ffc3e800000 - 0x00007ffc3e823000 	C:\WINDOWS\SYSTEM32\WINMM.dll
0x00007ffc3cba0000 - 0x00007ffc3cbaa000 	C:\WINDOWS\SYSTEM32\VERSION.dll
0x00007ffc43910000 - 0x00007ffc4397b000 	C:\WINDOWS\system32\WS2_32.dll
0x00007ffc3e7a0000 - 0x00007ffc3e7cc000 	C:\WINDOWS\SYSTEM32\WINMMBASE.dll
0x00007ffc40160000 - 0x00007ffc401a3000 	C:\WINDOWS\system32\cfgmgr32.dll
0x0000000065730000 - 0x000000006573f000 	C:\Program Files\Java\jdk1.8.0_60\jre\bin\verify.dll
0x0000000065700000 - 0x0000000065729000 	C:\Program Files\Java\jdk1.8.0_60\jre\bin\java.dll
0x00000000656e0000 - 0x00000000656f6000 	C:\Program Files\Java\jdk1.8.0_60\jre\bin\zip.dll
0x00007ffc41710000 - 0x00007ffc42c6c000 	C:\WINDOWS\system32\SHELL32.dll
0x00007ffc407d0000 - 0x00007ffc40e15000 	C:\WINDOWS\system32\windows.storage.dll
0x00007ffc43270000 - 0x00007ffc432c2000 	C:\WINDOWS\system32\shlwapi.dll
0x00007ffc400d0000 - 0x00007ffc400df000 	C:\WINDOWS\system32\kernel.appcore.dll
0x00007ffc40540000 - 0x00007ffc405f5000 	C:\WINDOWS\system32\shcore.dll
0x00007ffc400f0000 - 0x00007ffc4013b000 	C:\WINDOWS\system32\powrprof.dll
0x00007ffc40140000 - 0x00007ffc40154000 	C:\WINDOWS\system32\profapi.dll
0x00007ffc29650000 - 0x00007ffc297dc000 	C:\WINDOWS\SYSTEM32\dbghelp.dll

VM Arguments:
jvm_args: -Djava.awt.headless=true -Xmx1024M -Dfile.encoding=windows-1252 -Duser.country=US -Duser.language=en -Duser.variant 
java_command: com.android.dx.command.Main --dex --force-jumbo --num-threads=4 --output E:\Desktop\MaterialDesign Class\XYZReader2\app\build\intermediates\pre-dexed\debug\com.android.support-cardview-v7-24.0.0_345e78d25f54c651f730871b6d2373eee93f7f02.jar E:\Desktop\MaterialDesign Class\XYZReader2\app\build\intermediates\exploded-aar\com.android.support\cardview-v7\24.0.0\jars\classes.jar
java_class_path (initial): E:\android_sdk\build-tools\23.0.3\lib\dx.jar
Launcher Type: SUN_STANDARD

Environment Variables:
JAVA_HOME=C:\Program Files (x86)\Java\jdk1.7.0_25
PATH=C:\Program Files (x86)\NVIDIA Corporation\PhysX\Common;C:\ProgramData\Oracle\Java\javapath;C:\Windows\system32;C:\Windows;C:\Windows\System32\Wbem;C:\Windows\System32\WindowsPowerShell\v1.0\;C:\Program Files\Microsoft SQL Server\110\Tools\Binn\;C:\EnPython;C:\EnPython\Scripts;C:\adb;%SystemRoot%\system32;%SystemRoot%;%SystemRoot%\System32\Wbem;%SYSTEMROOT%\System32\WindowsPowerShell\v1.0\;C:\EnPython;C:\EnPython\Scripts;C:\Program Files\Java\jdk1.8.0_60\bin;C:\gradle-2.12\bin\
USERNAME=Jasen Sanders
OS=Windows_NT
PROCESSOR_IDENTIFIER=Intel64 Family 6 Model 23 Stepping 6, GenuineIntel



---------------  S Y S T E M  ---------------

OS: Windows 10.0 , 64 bit Build 10586 (10.0.10586.0)

CPU:total 2 (2 cores per cpu, 1 threads per core) family 6 model 23 stepping 6, cmov, cx8, fxsr, mmx, sse, sse2, sse3, ssse3, sse4.1, tsc

Memory: 4k page, physical 8386012k(2965716k free), swap 16774620k(9161876k free)

vm_info: Java HotSpot(TM) 64-Bit Server VM (25.60-b23) for windows-amd64 JRE (1.8.0_60-b27), built on Aug  4 2015 11:06:27 by "java_re" with MS VC++ 10.0 (VS2010)

time: Wed Jul 27 09:47:25 2016
elapsed time: 0 seconds (0d 0h 0m 0s)

