#
# A fatal error has been detected by the Java Runtime Environment:
#
#  EXCEPTION_ACCESS_VIOLATION (0xc0000005) at pc=0xffffffffa3955120, pid=4568, tid=10492
#
# JRE version: Java(TM) SE Runtime Environment (8.0_60-b27) (build 1.8.0_60-b27)
# Java VM: Java HotSpot(TM) 64-Bit Server VM (25.60-b23 mixed mode windows-amd64 compressed oops)
# Problematic frame:
# C  0xffffffffa3955120
#
# Failed to write core dump. Minidumps are not enabled by default on client versions of Windows
#
# If you would like to submit a bug report, please visit:
#   http://bugreport.java.com/bugreport/crash.jsp
#

---------------  T H R E A D  ---------------

Current thread (0x0000000016414800):  JavaThread "pool-2-thread-2" [_thread_in_Java, id=10492, stack(0x0000000016800000,0x0000000016900000)]

siginfo: ExceptionCode=0xc0000005, ExceptionInformation=0x0000000000000008 0xffffffffa3955120

Registers:
RAX=0x000000001493e090, RBX=0x000000001493e090, RCX=0x000000001493cc68, RDX=0x00000000eb7843a8
RSP=0x00000000168fe938, RBP=0x00000000168fe9a0, RSI=0x000000000075d2ca, RDI=0x0000000011710000
R8 =0x0000000000000d13, R9 =0x0000000000000d0e, R10=0x0000000065f32140, R11=0x0000000002b0e620
R12=0x0000000000000000, R13=0x00000000168fe950, R14=0x00000000168fe9f8, R15=0x0000000016414800
RIP=0xffffffffa3955120, EFLAGS=0x0000000000010202

Top of Stack: (sp=0x00000000168fe938)
0x00000000168fe938:   0000000002957470 00000000eba595f0
0x00000000168fe948:   0000000002957470 0000000000000d13
0x00000000168fe958:   00000000eb7843a8 00000000168fe960
0x00000000168fe968:   000000001493c395 00000000168fe9f8
0x00000000168fe978:   000000001493cc68 0000000000000000
0x00000000168fe988:   000000001493c518 00000000168fe950
0x00000000168fe998:   00000000168fe9f8 00000000168fea40
0x00000000168fe9a8:   00000000029577b0 0000000000000d11
0x00000000168fe9b8:   00000000eafa73e8 0000000000000d11
0x00000000168fe9c8:   00000000eb798938 0000000000000d12
0x00000000168fe9d8:   0000000000000d12 0000000000000028
0x00000000168fe9e8:   00000000eba4fba0 00000000eafd9898
0x00000000168fe9f8:   00000000eb783a00 00000000168fea00
0x00000000168fea08:   000000001493b8d6 00000000168fea58
0x00000000168fea18:   000000001493cc68 0000000000000000
0x00000000168fea28:   000000001493b900 00000000168fe9f8 

Instructions: (pc=0xffffffffa3955120)
0xffffffffa3955100:   
[error occurred during error reporting (printing registers, top of stack, instructions near pc), id 0xc0000005]

Register to memory mapping:

RAX={method} {0x000000001493e098} 'findFirst' '([II)I' in 'com/android/dx/util/Bits'
RBX={method} {0x000000001493e098} 'findFirst' '([II)I' in 'com/android/dx/util/Bits'
RCX=0x000000001493cc68 is pointing into metadata
RDX=0x00000000eb7843a8 is an oop
[I 
 - klass: {type array int}
 - length: 299
RSP=0x00000000168fe938 is pointing into the stack for thread: 0x0000000016414800
RBP=0x00000000168fe9a0 is pointing into the stack for thread: 0x0000000016414800
RSI=0x000000000075d2ca is an unknown value
RDI=0x0000000011710000 is an unknown value
R8 =0x0000000000000d13 is an unknown value
R9 =0x0000000000000d0e is an unknown value
R10=0x0000000065f32140 is an unknown value
R11=0x0000000002b0e620 is at entry_point+0 in (nmethod*)0x0000000002b0e490
R12=0x0000000000000000 is an unknown value
R13=0x00000000168fe950 is pointing into the stack for thread: 0x0000000016414800
R14=0x00000000168fe9f8 is pointing into the stack for thread: 0x0000000016414800
R15=0x0000000016414800 is a thread


Stack: [0x0000000016800000,0x0000000016900000],  sp=0x00000000168fe938,  free space=1018k
Native frames: (J=compiled Java code, j=interpreted, Vv=VM code, C=native code)
C  0xffffffffa3955120


---------------  P R O C E S S  ---------------

Java Threads: ( => current thread )
  0x0000000016359000 JavaThread "pool-2-thread-4" [_thread_in_Java, id=6356, stack(0x0000000016a00000,0x0000000016b00000)]
  0x0000000016417000 JavaThread "pool-2-thread-3" [_thread_in_Java, id=11692, stack(0x0000000016900000,0x0000000016a00000)]
=>0x0000000016414800 JavaThread "pool-2-thread-2" [_thread_in_Java, id=10492, stack(0x0000000016800000,0x0000000016900000)]
  0x0000000016342000 JavaThread "pool-3-thread-1" [_thread_blocked, id=10456, stack(0x0000000016700000,0x0000000016800000)]
  0x000000001633f000 JavaThread "pool-2-thread-1" [_thread_in_Java, id=10428, stack(0x0000000016600000,0x0000000016700000)]
  0x0000000014df5000 JavaThread "Service Thread" daemon [_thread_blocked, id=8052, stack(0x0000000016000000,0x0000000016100000)]
  0x0000000014ddc800 JavaThread "C1 CompilerThread1" daemon [_thread_blocked, id=5180, stack(0x0000000015f00000,0x0000000016000000)]
  0x0000000014dd9800 JavaThread "C2 CompilerThread0" daemon [_thread_blocked, id=2076, stack(0x0000000015e00000,0x0000000015f00000)]
  0x0000000014dd7800 JavaThread "Attach Listener" daemon [_thread_blocked, id=6232, stack(0x0000000015d00000,0x0000000015e00000)]
  0x0000000014dd4800 JavaThread "Signal Dispatcher" daemon [_thread_blocked, id=10436, stack(0x0000000015c00000,0x0000000015d00000)]
  0x0000000002943000 JavaThread "Finalizer" daemon [_thread_blocked, id=10872, stack(0x0000000015a20000,0x0000000015b20000)]
  0x000000000293a800 JavaThread "Reference Handler" daemon [_thread_blocked, id=11472, stack(0x0000000015920000,0x0000000015a20000)]
  0x0000000000fbd800 JavaThread "main" [_thread_in_Java, id=4076, stack(0x0000000002750000,0x0000000002850000)]

Other Threads:
  0x0000000014da6000 VMThread [stack: 0x0000000015820000,0x0000000015920000] [id=6208]
  0x0000000014dfa800 WatcherThread [stack: 0x0000000016100000,0x0000000016200000] [id=5716]

VM state:not at safepoint (normal execution)

VM Mutex/Monitor currently owned by a thread: None

Heap:
 PSYoungGen      total 38400K, used 17587K [0x00000000eab00000, 0x00000000ed580000, 0x0000000100000000)
  eden space 33280K, 52% used [0x00000000eab00000,0x00000000ebc2cd30,0x00000000ecb80000)
  from space 5120K, 0% used [0x00000000ed080000,0x00000000ed080000,0x00000000ed580000)
  to   space 5120K, 0% used [0x00000000ecb80000,0x00000000ecb80000,0x00000000ed080000)
 ParOldGen       total 87552K, used 0K [0x00000000c0000000, 0x00000000c5580000, 0x00000000eab00000)
  object space 87552K, 0% used [0x00000000c0000000,0x00000000c0000000,0x00000000c5580000)
 Metaspace       used 5614K, capacity 6768K, committed 7040K, reserved 1056768K
  class space    used 578K, capacity 616K, committed 640K, reserved 1048576K

Card table byte_map: [0x0000000011d10000,0x0000000011f20000] byte_map_base: 0x0000000011710000

Marking Bits: (ParMarkBitMap*) 0x0000000065f4a5b0
 Begin Bits: [0x0000000012280000, 0x0000000013280000)
 End Bits:   [0x0000000013280000, 0x0000000014280000)

Polling page: 0x00000000025a0000

CodeCache: size=245760Kb used=3149Kb max_used=3161Kb free=242611Kb
 bounds [0x0000000002950000, 0x0000000002c70000, 0x0000000011950000]
 total_blobs=1073 nmethods=813 adapters=175
 compilation: enabled

Compilation events (10 events):
Event: 0.687 Thread 0x0000000014dd9800 nmethod 782 0x0000000002c2dd90 code [0x0000000002c2dee0, 0x0000000002c2e018]
Event: 0.687 Thread 0x0000000014dd9800  778       4       java.util.HashMap::getNode (148 bytes)
Event: 0.693 Thread 0x0000000014dd9800 nmethod 778 0x0000000002c2ec10 code [0x0000000002c2ed80, 0x0000000002c2f318]
Event: 0.693 Thread 0x0000000014dd9800  784   !   4       com.android.dx.util.IntList::get (36 bytes)
Event: 0.693 Thread 0x0000000014dd9800 nmethod 784 0x0000000002c4be10 code [0x0000000002c4bf40, 0x0000000002c4bff8]
Event: 0.693 Thread 0x0000000014dd9800  786       4       com.android.dx.util.IntList::growIfNeeded (46 bytes)
Event: 0.695 Thread 0x0000000014dd9800 nmethod 786 0x0000000002c2e750 code [0x0000000002c2e8a0, 0x0000000002c2eaf8]
Event: 0.696 Thread 0x0000000014dd9800  788       4       com.android.dx.util.Bits::findFirst (61 bytes)
Event: 0.698 Thread 0x0000000014dd9800 nmethod 788 0x0000000002c2e390 code [0x0000000002c2e4c0, 0x0000000002c2e698]
Event: 0.698 Thread 0x0000000014dd9800  776       4       java.util.BitSet::get (69 bytes)

GC Heap History (0 events):
No events

Deoptimization events (0 events):
No events

Internal exceptions (2 events):
Event: 0.037 Thread 0x0000000000fbd800 Exception <a 'java/lang/NoSuchMethodError': Method sun.misc.Unsafe.defineClass(Ljava/lang/String;[BII)Ljava/lang/Class; name or signature does not match> (0x00000000eab0d460) thrown at [C:\re\workspace\8-2-build-windows-amd64-cygwin\jdk8u60\4407\hotspot\sr›½í|6£?
Event: 0.038 Thread 0x0000000000fbd800 Exception <a 'java/lang/NoSuchMethodError': Method sun.misc.Unsafe.prefetchRead(Ljava/lang/Object;J)V name or signature does not match> (0x00000000eab0d748) thrown at [C:\re\workspace\8-2-build-windows-amd64-cygwin\jdk8u60\4407\hotspot\src\share\vm\prims\j

Events (10 events):
Event: 0.636 loading class java/util/TreeMap$EntrySet
Event: 0.637 loading class java/util/TreeMap$EntrySet done
Event: 0.637 loading class java/util/TreeMap$EntryIterator
Event: 0.637 loading class java/util/TreeMap$EntryIterator done
Event: 0.649 loading class com/android/dx/cf/code/SwitchList
Event: 0.649 loading class com/android/dx/cf/code/SwitchList done
Event: 0.656 Thread 0x0000000000fbd800 DEOPT PACKING pc=0x0000000002b82075 sp=0x000000000284df70
Event: 0.656 Thread 0x0000000000fbd800 DEOPT UNPACKING pc=0x00000000029971bf sp=0x000000000284dcd8 mode 0
Event: 0.659 Thread 0x0000000000fbd800 DEOPT PACKING pc=0x0000000002bf0292 sp=0x000000000284e050
Event: 0.659 Thread 0x0000000000fbd800 DEOPT UNPACKING pc=0x00000000029971bf sp=0x000000000284ddb8 mode 0


Dynamic libraries:
0x00007ff6f5270000 - 0x00007ff6f52a7000 	C:\Program Files\Java\jdk1.8.0_60\bin\java.exe
0x00007ffc43ad0000 - 0x00007ffc43c91000 	C:\WINDOWS\SYSTEM32\ntdll.dll
0x00007ffc435b0000 - 0x00007ffc4365d000 	C:\WINDOWS\system32\KERNEL32.DLL
0x00007ffc40240000 - 0x00007ffc40428000 	C:\WINDOWS\system32\KERNELBASE.dll
0x00007ffc43a20000 - 0x00007ffc43ac7000 	C:\WINDOWS\system32\ADVAPI32.dll
0x00007ffc432d0000 - 0x00007ffc4336d000 	C:\WINDOWS\system32\msvcrt.dll
0x00007ffc42c70000 - 0x00007ffc42ccb000 	C:\WINDOWS\system32\sechost.dll
0x00007ffc40eb0000 - 0x00007ffc40fcc000 	C:\WINDOWS\system32\RPCRT4.dll
0x00007ffc42f50000 - 0x00007ffc430a6000 	C:\WINDOWS\system32\USER32.dll
0x00007ffc43780000 - 0x00007ffc43906000 	C:\WINDOWS\system32\GDI32.dll
0x00007ffc3a110000 - 0x00007ffc3a384000 	C:\WINDOWS\WinSxS\amd64_microsoft.windows.common-controls_6595b64144ccf1df_6.0.10586.494_none_a2d8b04ea53e3145\COMCTL32.dll
0x00007ffc42cd0000 - 0x00007ffc42f4d000 	C:\WINDOWS\system32\combase.dll
0x00007ffc40e40000 - 0x00007ffc40eaa000 	C:\WINDOWS\system32\bcryptPrimitives.dll
0x00007ffc43670000 - 0x00007ffc436ab000 	C:\WINDOWS\system32\IMM32.DLL
0x00000000652c0000 - 0x0000000065392000 	C:\Program Files\Java\jdk1.8.0_60\jre\bin\msvcr100.dll
0x0000000065740000 - 0x0000000065fc9000 	C:\Program Files\Java\jdk1.8.0_60\jre\bin\server\jvm.dll
0x00007ffc43370000 - 0x00007ffc43378000 	C:\WINDOWS\system32\PSAPI.DLL
0x00007ffc35dd0000 - 0x00007ffc35dd9000 	C:\WINDOWS\SYSTEM32\WSOCK32.dll
0x00007ffc3e800000 - 0x00007ffc3e823000 	C:\WINDOWS\SYSTEM32\WINMM.dll
0x00007ffc3cba0000 - 0x00007ffc3cbaa000 	C:\WINDOWS\SYSTEM32\VERSION.dll
0x00007ffc43910000 - 0x00007ffc4397b000 	C:\WINDOWS\system32\WS2_32.dll
0x00007ffc3e7a0000 - 0x00007ffc3e7cc000 	C:\WINDOWS\SYSTEM32\WINMMBASE.dll
0x00007ffc40160000 - 0x00007ffc401a3000 	C:\WINDOWS\system32\cfgmgr32.dll
0x0000000065730000 - 0x000000006573f000 	C:\Program Files\Java\jdk1.8.0_60\jre\bin\verify.dll
0x0000000065700000 - 0x0000000065729000 	C:\Program Files\Java\jdk1.8.0_60\jre\bin\java.dll
0x00000000656e0000 - 0x00000000656f6000 	C:\Program Files\Java\jdk1.8.0_60\jre\bin\zip.dll
0x00007ffc41710000 - 0x00007ffc42c6c000 	C:\WINDOWS\system32\SHELL32.dll
0x00007ffc407d0000 - 0x00007ffc40e15000 	C:\WINDOWS\system32\windows.storage.dll
0x00007ffc43270000 - 0x00007ffc432c2000 	C:\WINDOWS\system32\shlwapi.dll
0x00007ffc400d0000 - 0x00007ffc400df000 	C:\WINDOWS\system32\kernel.appcore.dll
0x00007ffc40540000 - 0x00007ffc405f5000 	C:\WINDOWS\system32\shcore.dll
0x00007ffc400f0000 - 0x00007ffc4013b000 	C:\WINDOWS\system32\powrprof.dll
0x00007ffc40140000 - 0x00007ffc40154000 	C:\WINDOWS\system32\profapi.dll
0x00007ffc29650000 - 0x00007ffc297dc000 	C:\WINDOWS\SYSTEM32\dbghelp.dll

VM Arguments:
jvm_args: -Djava.awt.headless=true -Xmx1024M -Dfile.encoding=windows-1252 -Duser.country=US -Duser.language=en -Duser.variant 
java_command: com.android.dx.command.Main --dex --force-jumbo --num-threads=4 --multi-dex --output E:\Desktop\MaterialDesign Class\XYZReader2\app\build\intermediates\transforms\dex\debug\folders\1000\5\slice_8 E:\Desktop\MaterialDesign Class\XYZReader2\app\build\intermediates\transforms\instantRunSlicer\debug\folders\1\5\slice_8
java_class_path (initial): E:\android_sdk\build-tools\23.0.3\lib\dx.jar
Launcher Type: SUN_STANDARD

Environment Variables:
JAVA_HOME=C:\Program Files (x86)\Java\jdk1.7.0_25
PATH=C:\Program Files (x86)\NVIDIA Corporation\PhysX\Common;C:\ProgramData\Oracle\Java\javapath;C:\Windows\system32;C:\Windows;C:\Windows\System32\Wbem;C:\Windows\System32\WindowsPowerShell\v1.0\;C:\Program Files\Microsoft SQL Server\110\Tools\Binn\;C:\EnPython;C:\EnPython\Scripts;C:\adb;%SystemRoot%\system32;%SystemRoot%;%SystemRoot%\System32\Wbem;%SYSTEMROOT%\System32\WindowsPowerShell\v1.0\;C:\EnPython;C:\EnPython\Scripts;C:\Program Files\Java\jdk1.8.0_60\bin;C:\gradle-2.12\bin\
USERNAME=Jasen Sanders
OS=Windows_NT
PROCESSOR_IDENTIFIER=Intel64 Family 6 Model 23 Stepping 6, GenuineIntel



---------------  S Y S T E M  ---------------

OS: Windows 10.0 , 64 bit Build 10586 (10.0.10586.0)

CPU:total 2 (2 cores per cpu, 1 threads per core) family 6 model 23 stepping 6, cmov, cx8, fxsr, mmx, sse, sse2, sse3, ssse3, sse4.1, tsc

Memory: 4k page, physical 8386012k(3094948k free), swap 16774620k(8764360k free)

vm_info: Java HotSpot(TM) 64-Bit Server VM (25.60-b23) for windows-amd64 JRE (1.8.0_60-b27), built on Aug  4 2015 11:06:27 by "java_re" with MS VC++ 10.0 (VS2010)

time: Thu Jul 28 10:54:12 2016
elapsed time: 0 seconds (0d 0h 0m 0s)

